Removed Pin From Net: NetName=+3V3 Pin=*1-12
Removed Pin From Net: NetName=GND Pin=*1-13
Removed Pin From Net: NetName=GND Pin=C22-1
Removed Pin From Net: NetName=GND Pin=C23-1
Removed Pin From Net: NetName=GND Pin=IC1-8
Removed Pin From Net: NetName=GND Pin=IC1-13
Removed Pin From Net: NetName=GND Pin=IC1-16
Removed Pin From Net: NetName=GND Pin=IC1-17
Removed Pin From Net: NetName=GND Pin=IC1-18
Removed Pin From Net: NetName=GND Pin=IC1-19
Removed Pin From Net: NetName=GND Pin=IC1-20
Removed Pin From Net: NetName=GND Pin=IC1-21
Removed Pin From Net: NetName=GND Pin=J2-1
Removed Pin From Net: NetName=GND Pin=J2-2
Removed Pin From Net: NetName=GND Pin=J2-3
Removed Pin From Net: NetName=GND Pin=J2-4
Removed Pin From Net: NetName=GND Pin=J2-A1-B12
Removed Pin From Net: NetName=GND Pin=J2-B1-A12
Removed Pin From Net: NetName=RED_LED Pin=J8-1
Removed Pin From Net: NetName=GND Pin=J10-1
Removed Pin From Net: NetName=PB_Y Pin=J11-1
Removed Pin From Net: NetName=GREEN_PB Pin=J12-1
Removed Pin From Net: NetName=PB_Red Pin=J13-1
Removed Pin From Net: NetName=BLUE_PB Pin=J14-1
Removed Pin From Net: NetName=GND Pin=R14-1
Removed Pin From Net: NetName=GND Pin=R15-1
Removed Pin From Net: NetName=VIN Pin=R21-1
Removed Pin From Net: NetName=VIN Pin=R22-1
Removed Pin From Net: NetName=GND Pin=R22-2
Removed Pin From Net: NetName=+3V3 Pin=R35-2
Removed Pin From Net: NetName=+3V3 Pin=R36-2
Removed Pin From Net: NetName=RED_LED Pin=R37-1
Removed Pin From Net: NetName=+3V3 Pin=R37-2
Removed Pin From Net: NetName=+3V3 Pin=R38-2
Removed Pin From Net: NetName=+3V3 Pin=SB8-1
Removed Pin From Net: NetName=+3V3 Pin=SB8-2
Removed Pin From Net: NetName=NetU3_16 Pin=U5-25
Removed Pin From Net: NetName=NetU3_14 Pin=U5-26
Removed Pin From Net: NetName=NetU3_1 Pin=U5-27
Removed Member From Class: ClassName=POWER_REV2 Member=*1
Removed Member From Class: ClassName=AUDIO_REV2 Member=C3
Removed Member From Class: ClassName=INTERFACE_rev2 Member=C10
Removed Member From Class: ClassName=POWER_REV2 Member=C10
Removed Member From Class: ClassName=AUDIO_REV2 Member=C16
Removed Member From Class: ClassName=INTERFACE_rev2 Member=C16
Removed Member From Class: ClassName=ARCADE_BUTTONS Member=C19
Removed Member From Class: ClassName=MCU_REV2 Member=C19
Removed Member From Class: ClassName=MCU_REV2 Member=C20
Removed Member From Class: ClassName=POWER_REV2 Member=C22
Removed Member From Class: ClassName=ARCADE_BUTTONS Member=C26
Removed Member From Class: ClassName=SD_CARD_REV2 Member=C26
Removed Member From Class: ClassName=INTERFACE_rev2 Member=C27
Removed Member From Class: ClassName=POWER_BATT_REV2 Member=C27
Removed Member From Class: ClassName=POWER_BATT_REV2 Member=C28
Removed Member From Class: ClassName=POWER_REV2 Member=C32
Removed Member From Class: ClassName=POWER_REV2 Member=C33
Removed Member From Class: ClassName=INTERFACE_rev2 Member=C36
Removed Member From Class: ClassName=MCU_REV2 Member=C36
Removed Member From Class: ClassName=POWER_BATT_REV2 Member=C36
Removed Member From Class: ClassName=MCU_REV2 Member=C37
Removed Member From Class: ClassName=POWER_BATT_REV2 Member=C37
Removed Member From Class: ClassName=MCU_REV2 Member=C42
Removed Member From Class: ClassName=POWER_REV2 Member=C42
Removed Member From Class: ClassName=POWER_REV2 Member=IC1
Removed Member From Class: ClassName=ARCADE_BUTTONS Member=J4
Removed Member From Class: ClassName=POWER_REV2 Member=J5
Removed Member From Class: ClassName=ARCADE_BUTTONS Member=J8
Removed Member From Class: ClassName=POWER_BATT_REV2 Member=J8
Removed Member From Class: ClassName=ARCADE_BUTTONS Member=J10
Removed Member From Class: ClassName=ARCADE_BUTTONS Member=J11
Removed Member From Class: ClassName=POWER_REV2 Member=P3
Removed Member From Class: ClassName=MCU_REV2 Member=P4
Removed Member From Class: ClassName=POWER_BATT_REV2 Member=P5
Removed Member From Class: ClassName=INTERFACE_rev2 Member=R8
Removed Member From Class: ClassName=INTERFACE_rev2 Member=R9
Removed Member From Class: ClassName=MCU_REV2 Member=R9
Removed Member From Class: ClassName=INTERFACE_rev2 Member=R11
Removed Member From Class: ClassName=MCU_REV2 Member=R11
Removed Member From Class: ClassName=ARCADE_BUTTONS Member=R12
Removed Member From Class: ClassName=INTERFACE_rev2 Member=R12
Removed Member From Class: ClassName=MCU_REV2 Member=R12
Removed Member From Class: ClassName=POWER_REV2 Member=R14
Removed Member From Class: ClassName=SD_CARD_REV2 Member=R14
Removed Member From Class: ClassName=POWER_REV2 Member=R15
Removed Member From Class: ClassName=MCU_REV2 Member=R21
Removed Member From Class: ClassName=SD_CARD_REV2 Member=R21
Removed Member From Class: ClassName=INTERFACE_rev2 Member=R25
Removed Member From Class: ClassName=MCU_REV2 Member=R25
Removed Member From Class: ClassName=POWER_BATT_REV2 Member=R25
Removed Member From Class: ClassName=ARCADE_BUTTONS Member=R31
Removed Member From Class: ClassName=AUDIO_REV2 Member=R31
Removed Member From Class: ClassName=ARCADE_BUTTONS Member=R32
Removed Member From Class: ClassName=MCU_REV2 Member=R32
Removed Member From Class: ClassName=POWER_BATT_REV2 Member=R32
Removed Member From Class: ClassName=ARCADE_BUTTONS Member=R33
Removed Member From Class: ClassName=MCU_REV2 Member=R33
Removed Member From Class: ClassName=ARCADE_BUTTONS Member=R34
Removed Member From Class: ClassName=ARCADE_BUTTONS Member=SB1
Removed Member From Class: ClassName=POWER_REV2 Member=SB1
Removed Member From Class: ClassName=POWER_REV2 Member=SB3
Removed Member From Class: ClassName=POWER_REV2 Member=SB4
Removed Member From Class: ClassName=MCU_REV2 Member=SB7
Removed Member From Class: ClassName=MCU_REV2 Member=SB9
Removed Member From Class: ClassName=POWER_REV2 Member=SB9
Removed Member From Class: ClassName=POWER_REV2 Member=SW7
Removed Member From Class: ClassName=POWER_BATT_REV2 Member=TP5
Removed Member From Class: ClassName=POWER_REV2 Member=U2
Removed Member From Class: ClassName=POWER_BATT_REV2 Member=U5
Change Component Footprint: Designator=R21 Old Footprint=FP-RG2012-IPC_B New Footprint=RESC1608X55X30ML20T10
Change Component Footprint: Designator=R22 Old Footprint=FP-RG2012-IPC_B New Footprint=RESC1608X55X30ML20T10
Change Component Footprint: Designator=R14 Old Footprint=RESC1608X55X25ML10T15 New Footprint=RESC1608X55X30ML20T10
Change Component Footprint: Designator=R15 Old Footprint=RESC1608X55X25ML10T15 New Footprint=RESC1608X55X30ML20T10
Change Footprint: Footprint Not Found RES/0603
Change Component Comment : Designator=R14 Old Comment=5.1K OHM 1% 1/10W New Comment=330 Ohms ±1% 0.125W
Change Component Comment : Designator=R15 Old Comment=5.1K OHM 1% 1/10W New Comment=330 Ohms ±1% 0.125W
Change Component Comment : Designator=R21 Old Comment=100kO, 0.1%, 0.125W New Comment=330 Ohms ±1% 0.125W
Change Component Comment : Designator=R22 Old Comment=100kO, 0.1%, 0.125W New Comment=330 Ohms ±1% 0.125W
Change Component Comment : Designator=R37 Old Comment=330 Ohms ±1% 0.125W New Comment=RES/0603
Change Component Comment : Designator=RISET1 Old Comment=RES/0603 New Comment=240kOhm
Change Managed Component Library Link : Designator=R14 Old VaultGUID=B7D15EC3-160A-466F-A46C-7801FE6295A7 New VaultGUID=B7D15EC3-160A-466F-A46C-7801FE6295A7 Old ItemGUID=16E0EF89-A627-4AA4-B7C3-62B6CEA8A208 New ItemGUID=48852DE5-11CA-4846-881F-15E36286DC34 Old RevisionGUID=E52229B2-351E-449C-9103-B0A7B3479BBA New RevisionGUID=E11423B7-AA18-496C-9DD0-2DDAEE7A0777
Change Managed Component Library Link : Designator=R15 Old VaultGUID=B7D15EC3-160A-466F-A46C-7801FE6295A7 New VaultGUID=B7D15EC3-160A-466F-A46C-7801FE6295A7 Old ItemGUID=16E0EF89-A627-4AA4-B7C3-62B6CEA8A208 New ItemGUID=48852DE5-11CA-4846-881F-15E36286DC34 Old RevisionGUID=E52229B2-351E-449C-9103-B0A7B3479BBA New RevisionGUID=E11423B7-AA18-496C-9DD0-2DDAEE7A0777
Change Managed Component Library Link : Designator=R21 Old VaultGUID=B7D15EC3-160A-466F-A46C-7801FE6295A7 New VaultGUID=B7D15EC3-160A-466F-A46C-7801FE6295A7 Old ItemGUID=B7F5086A-4E45-49F9-B65D-8B86744D04FD New ItemGUID=48852DE5-11CA-4846-881F-15E36286DC34 Old RevisionGUID=33CCAFC6-97D6-429E-B374-56E0EF1D723F New RevisionGUID=E11423B7-AA18-496C-9DD0-2DDAEE7A0777
Change Managed Component Library Link : Designator=R22 Old VaultGUID=B7D15EC3-160A-466F-A46C-7801FE6295A7 New VaultGUID=B7D15EC3-160A-466F-A46C-7801FE6295A7 Old ItemGUID=B7F5086A-4E45-49F9-B65D-8B86744D04FD New ItemGUID=48852DE5-11CA-4846-881F-15E36286DC34 Old RevisionGUID=33CCAFC6-97D6-429E-B374-56E0EF1D723F New RevisionGUID=E11423B7-AA18-496C-9DD0-2DDAEE7A0777
Change Managed Component Library Link : Designator=R37 Old VaultGUID=B7D15EC3-160A-466F-A46C-7801FE6295A7 New VaultGUID= Old ItemGUID=48852DE5-11CA-4846-881F-15E36286DC34 New ItemGUID= Old RevisionGUID=E11423B7-AA18-496C-9DD0-2DDAEE7A0777 New RevisionGUID=
Change component parameters: Designator = "R14" ("R14"); Footprint = "RESC1608X55X25ML10T15"; UniqueID = "\CBIAWWDZ" ("\CBIAWWDZ")
Change component parameters (AddParameter): Name = "Manufacturer"; Value = "KOA Speer"; VariantName = "[No Variations]"
Change component parameters (AddParameter): Name = "Part Number"; Value = "RK73H1JTTD3300F"; VariantName = "[No Variations]"
Change component parameters: Designator = "R15" ("R15"); Footprint = "RESC1608X55X25ML10T15"; UniqueID = "\HILKJYBO" ("\HILKJYBO")
Change component parameters (AddParameter): Name = "Manufacturer"; Value = "KOA Speer"; VariantName = "[No Variations]"
Change component parameters (AddParameter): Name = "Part Number"; Value = "RK73H1JTTD3300F"; VariantName = "[No Variations]"
Change component parameters: Designator = "R21" ("R21"); Footprint = "FP-RG2012-IPC_B"; UniqueID = "\MIEUGZND" ("\MIEUGZND")
Change component parameters (AddParameter): Name = "Manufacturer"; Value = "KOA Speer"; VariantName = "[No Variations]"
Change component parameters (AddParameter): Name = "Part Number"; Value = "RK73H1JTTD3300F"; VariantName = "[No Variations]"
Change component parameters: Designator = "R22" ("R22"); Footprint = "FP-RG2012-IPC_B"; UniqueID = "\YXZYAEYP" ("\YXZYAEYP")
Change component parameters (AddParameter): Name = "Manufacturer"; Value = "KOA Speer"; VariantName = "[No Variations]"
Change component parameters (AddParameter): Name = "Part Number"; Value = "RK73H1JTTD3300F"; VariantName = "[No Variations]"
Change component parameters: Designator = "R37" ("R37"); Footprint = "RESC1608X55X30ML20T10"; UniqueID = "\MZZVIMSB" ("\MZZVIMSB")
Change component parameters (AddParameter): Name = "Available_Num"; Value = "7415"; VariantName = "[No Variations]"
Change component parameters (AddParameter): Name = "Distributor"; Value = "Digikey"; VariantName = "[No Variations]"
Change component parameters (AddParameter): Name = "Distributor P/N"; Value = "311-120KHCT-ND"; VariantName = "[No Variations]"
Change component parameters (AddParameter): Name = "Manufacture"; Value = "Yageo"; VariantName = "[No Variations]"
Change component parameters (AddParameter): Name = "Manufacture_PN"; Value = "RC0603FR-0710KL"; VariantName = "[No Variations]"
Change component parameters (AddParameter): Name = "Manufacturer"; Value = "Yageo"; VariantName = "[No Variations]"
Change component parameters (AddParameter): Name = "Manufacturer P/N"; Value = "9C06031A1203FKHFT"; VariantName = "[No Variations]"
Change component parameters (AddParameter): Name = "Note"; Value = "10k/1%"; VariantName = "[No Variations]"
Change component parameters (AddParameter): Name = "Out_Num"; Value = "2310"; VariantName = "[No Variations]"
Change component parameters (AddParameter): Name = "Package"; Value = "0603"; VariantName = "[No Variations]"
Change component parameters (AddParameter): Name = "Part Number"; Value = "06.0112"; VariantName = "[No Variations]"
Change component parameters (AddParameter): Name = "Part_Name"; Value = "RC0603FR-0710KL"; VariantName = "[No Variations]"
Change component parameters (AddParameter): Name = "Pid"; Value = "2792"; VariantName = "[No Variations]"
Change component parameters (AddParameter): Name = "Spec"; Value = "Film Resistor"; VariantName = "[No Variations]"
Change component parameters (AddParameter): Name = "Stock_Num"; Value = "9725"; VariantName = "[No Variations]"
Change component parameters (AddParameter): Name = "Value"; Value = "10K 1%"; VariantName = "[No Variations]"
Change component parameters: Designator = "RISET1" ("RISET1"); Footprint = "RES/0603"; UniqueID = "\MRKQIQDR" ("\MRKQIQDR")
Change component parameters (AddParameter): Name = "Available_Num"; Value = "7700"; VariantName = "[No Variations]"
Change component parameters (AddParameter): Name = "Distributor"; Value = "Digikey"; VariantName = "[No Variations]"
Change component parameters (AddParameter): Name = "Distributor P/N"; Value = "311-120KHCT-ND"; VariantName = "[No Variations]"
Change component parameters (AddParameter): Name = "Manufacture"; Value = "Yageo"; VariantName = "[No Variations]"
Change component parameters (AddParameter): Name = "Manufacture_PN"; Value = "RC0603FR-0747K5L"; VariantName = "[No Variations]"
Change component parameters (AddParameter): Name = "Manufacturer"; Value = "Yageo"; VariantName = "[No Variations]"
Change component parameters (AddParameter): Name = "Manufacturer P/N"; Value = "9C06031A1203FKHFT"; VariantName = "[No Variations]"
Change component parameters (AddParameter): Name = "Note"; Value = "47.5k/1%"; VariantName = "[No Variations]"
Change component parameters (AddParameter): Name = "Out_Num"; Value = "0"; VariantName = "[No Variations]"
Change component parameters (AddParameter): Name = "Package"; Value = "0603"; VariantName = "[No Variations]"
Change component parameters (AddParameter): Name = "Part Number"; Value = "06.0177"; VariantName = "[No Variations]"
Change component parameters (AddParameter): Name = "Part_Name"; Value = "RC0603FR-0747K5L"; VariantName = "[No Variations]"
Change component parameters (AddParameter): Name = "Pid"; Value = "2857"; VariantName = "[No Variations]"
Change component parameters (AddParameter): Name = "Spec"; Value = "Film Resistor"; VariantName = "[No Variations]"
Change component parameters (AddParameter): Name = "Stock_Num"; Value = "7700"; VariantName = "[No Variations]"
Added Component: Designator=J1(JST-B2B-PH-K-S_V)
Add component (AddParameter): Name = "Datasheet URL"; Value = "http://datasheet.octopart.com/B2B-PH-K-S%28LF%29%28SN%29-JST-datasheet-8324864.pdf"; VariantName = "[No Variations]"
Add component (AddParameter): Name = "Datasheet Version"; Value = "Nov-08"; VariantName = "[No Variations]"
Add component (AddParameter): Name = "Manufacturer"; Value = "JST"; VariantName = "[No Variations]"
Add component (AddParameter): Name = "Manufacturer URL"; Value = "http://www.jst.com/home2.html"; VariantName = "[No Variations]"
Add component (AddParameter): Name = "No of Positions"; Value = "2"; VariantName = "[No Variations]"
Add component (AddParameter): Name = "Pitch"; Value = "2mm"; VariantName = "[No Variations]"
Add component (AddParameter): Name = "Style/Orientation"; Value = "StraightHeader/Plug"; VariantName = "[No Variations]"
Add component (AddParameter): Name = "Termination"; Value = "Crimp"; VariantName = "[No Variations]"
Add component (AddParameter): Name = "Type"; Value = "ShroudedHeader"; VariantName = "[No Variations]"
Added Component: Designator=P7(JST-B4B-PH-K-S_V)
Add component (AddParameter): Name = "Datasheet URL"; Value = "http://datasheet.octopart.com/B4B-PH-K-S%28LF%29%28SN%29-JST-datasheet-10558886.pdf"; VariantName = "[No Variations]"
Add component (AddParameter): Name = "Datasheet Version"; Value = "Apr-09"; VariantName = "[No Variations]"
Add component (AddParameter): Name = "Manufacturer"; Value = "JST"; VariantName = "[No Variations]"
Add component (AddParameter): Name = "Manufacturer URL"; Value = "http://www.jst.com/home2.html"; VariantName = "[No Variations]"
Add component (AddParameter): Name = "No of Positions"; Value = "4"; VariantName = "[No Variations]"
Add component (AddParameter): Name = "Pitch"; Value = "2mm"; VariantName = "[No Variations]"
Add component (AddParameter): Name = "Style/Orientation"; Value = "StraightHeader/Plug"; VariantName = "[No Variations]"
Add component (AddParameter): Name = "Termination"; Value = "Crimp"; VariantName = "[No Variations]"
Add component (AddParameter): Name = "Type"; Value = "ShroudedHeader"; VariantName = "[No Variations]"
Added Component: Designator=P8(JST-B4B-PH-K-S_V)
Add component (AddParameter): Name = "Datasheet URL"; Value = "http://datasheet.octopart.com/B4B-PH-K-S%28LF%29%28SN%29-JST-datasheet-10558886.pdf"; VariantName = "[No Variations]"
Add component (AddParameter): Name = "Datasheet Version"; Value = "Apr-09"; VariantName = "[No Variations]"
Add component (AddParameter): Name = "Manufacturer"; Value = "JST"; VariantName = "[No Variations]"
Add component (AddParameter): Name = "Manufacturer URL"; Value = "http://www.jst.com/home2.html"; VariantName = "[No Variations]"
Add component (AddParameter): Name = "No of Positions"; Value = "4"; VariantName = "[No Variations]"
Add component (AddParameter): Name = "Pitch"; Value = "2mm"; VariantName = "[No Variations]"
Add component (AddParameter): Name = "Style/Orientation"; Value = "StraightHeader/Plug"; VariantName = "[No Variations]"
Add component (AddParameter): Name = "Termination"; Value = "Crimp"; VariantName = "[No Variations]"
Add component (AddParameter): Name = "Type"; Value = "ShroudedHeader"; VariantName = "[No Variations]"
Added Component: Designator=P9(JST-B4B-PH-K-S_V)
Add component (AddParameter): Name = "Datasheet URL"; Value = "http://datasheet.octopart.com/B4B-PH-K-S%28LF%29%28SN%29-JST-datasheet-10558886.pdf"; VariantName = "[No Variations]"
Add component (AddParameter): Name = "Datasheet Version"; Value = "Apr-09"; VariantName = "[No Variations]"
Add component (AddParameter): Name = "Manufacturer"; Value = "JST"; VariantName = "[No Variations]"
Add component (AddParameter): Name = "Manufacturer URL"; Value = "http://www.jst.com/home2.html"; VariantName = "[No Variations]"
Add component (AddParameter): Name = "No of Positions"; Value = "4"; VariantName = "[No Variations]"
Add component (AddParameter): Name = "Pitch"; Value = "2mm"; VariantName = "[No Variations]"
Add component (AddParameter): Name = "Style/Orientation"; Value = "StraightHeader/Plug"; VariantName = "[No Variations]"
Add component (AddParameter): Name = "Termination"; Value = "Crimp"; VariantName = "[No Variations]"
Add component (AddParameter): Name = "Type"; Value = "ShroudedHeader"; VariantName = "[No Variations]"
Added Component: Designator=Q1(FP-318-08-IPC_B)
Add component (AddParameter): Name = "Case/Package"; Value = "SOT-23"; VariantName = "[No Variations]"
Add component (AddParameter): Name = "Contact Plating"; Value = "Tin"; VariantName = "[No Variations]"
Add component (AddParameter): Name = "Continuous Drain Current (ID)"; Value = "220mA"; VariantName = "[No Variations]"
Add component (AddParameter): Name = "Current Rating"; Value = "220mA"; VariantName = "[No Variations]"
Add component (AddParameter): Name = "Drain to Source Breakdown Voltage"; Value = "50V"; VariantName = "[No Variations]"
Add component (AddParameter): Name = "Drain to Source Resistance"; Value = "3.5R"; VariantName = "[No Variations]"
Add component (AddParameter): Name = "Drain to Source Voltage (Vdss)"; Value = "50V"; VariantName = "[No Variations]"
Add component (AddParameter): Name = "Dual Supply Voltage"; Value = "50V"; VariantName = "[No Variations]"
Add component (AddParameter): Name = "Element Configuration"; Value = "Single"; VariantName = "[No Variations]"
Add component (AddParameter): Name = "Fall Time"; Value = "9ns"; VariantName = "[No Variations]"
Add component (AddParameter): Name = "Gate to Source Voltage (Vgs)"; Value = "20V"; VariantName = "[No Variations]"
Add component (AddParameter): Name = "Height"; Value = "0.93mm"; VariantName = "[No Variations]"
Add component (AddParameter): Name = "Input Capacitance"; Value = "27pF"; VariantName = "[No Variations]"
Add component (AddParameter): Name = "Lead Free"; Value = "Lead Free"; VariantName = "[No Variations]"
Add component (AddParameter): Name = "Length"; Value = "2.92mm"; VariantName = "[No Variations]"
Add component (AddParameter): Name = "Max Operating Temperature"; Value = "150°C"; VariantName = "[No Variations]"
Add component (AddParameter): Name = "Max Power Dissipation"; Value = "360mW"; VariantName = "[No Variations]"
Add component (AddParameter): Name = "Min Operating Temperature"; Value = "-55°C"; VariantName = "[No Variations]"
Add component (AddParameter): Name = "Mount"; Value = "Surface Mount"; VariantName = "[No Variations]"
Add component (AddParameter): Name = "Nominal Vgs"; Value = "1.3V"; VariantName = "[No Variations]"
Add component (AddParameter): Name = "Number of Elements"; Value = "1"; VariantName = "[No Variations]"
Add component (AddParameter): Name = "Number of Pins"; Value = "3"; VariantName = "[No Variations]"
Add component (AddParameter): Name = "On-State Resistance"; Value = "6R"; VariantName = "[No Variations]"
Add component (AddParameter): Name = "Package Quantity"; Value = "1"; VariantName = "[No Variations]"
Add component (AddParameter): Name = "Packaging"; Value = "Tape and Reel"; VariantName = "[No Variations]"
Add component (AddParameter): Name = "Power Dissipation"; Value = "360mW"; VariantName = "[No Variations]"
Add component (AddParameter): Name = "Radiation Hardening"; Value = "No"; VariantName = "[No Variations]"
Add component (AddParameter): Name = "Rds On Max"; Value = "3.5R"; VariantName = "[No Variations]"
Add component (AddParameter): Name = "REACH SVHC"; Value = "No SVHC"; VariantName = "[No Variations]"
Add component (AddParameter): Name = "Rise Time"; Value = "9ns"; VariantName = "[No Variations]"
Add component (AddParameter): Name = "Termination"; Value = "SMD/SMT"; VariantName = "[No Variations]"
Add component (AddParameter): Name = "Threshold Voltage"; Value = "1.3V"; VariantName = "[No Variations]"
Add component (AddParameter): Name = "Turn-Off Delay Time"; Value = "20ns"; VariantName = "[No Variations]"
Add component (AddParameter): Name = "Turn-On Delay Time"; Value = "2.5ns"; VariantName = "[No Variations]"
Add component (AddParameter): Name = "Voltage Rating (DC)"; Value = "50V"; VariantName = "[No Variations]"
Add component (AddParameter): Name = "Weight"; Value = "0.03g"; VariantName = "[No Variations]"
Add component (AddParameter): Name = "Width"; Value = "1.3mm"; VariantName = "[No Variations]"
Added Component: Designator=Q2(FP-318-08-IPC_B)
Add component (AddParameter): Name = "Case/Package"; Value = "SOT-23"; VariantName = "[No Variations]"
Add component (AddParameter): Name = "Contact Plating"; Value = "Tin"; VariantName = "[No Variations]"
Add component (AddParameter): Name = "Continuous Drain Current (ID)"; Value = "220mA"; VariantName = "[No Variations]"
Add component (AddParameter): Name = "Current Rating"; Value = "220mA"; VariantName = "[No Variations]"
Add component (AddParameter): Name = "Drain to Source Breakdown Voltage"; Value = "50V"; VariantName = "[No Variations]"
Add component (AddParameter): Name = "Drain to Source Resistance"; Value = "3.5R"; VariantName = "[No Variations]"
Add component (AddParameter): Name = "Drain to Source Voltage (Vdss)"; Value = "50V"; VariantName = "[No Variations]"
Add component (AddParameter): Name = "Dual Supply Voltage"; Value = "50V"; VariantName = "[No Variations]"
Add component (AddParameter): Name = "Element Configuration"; Value = "Single"; VariantName = "[No Variations]"
Add component (AddParameter): Name = "Fall Time"; Value = "9ns"; VariantName = "[No Variations]"
Add component (AddParameter): Name = "Gate to Source Voltage (Vgs)"; Value = "20V"; VariantName = "[No Variations]"
Add component (AddParameter): Name = "Height"; Value = "0.93mm"; VariantName = "[No Variations]"
Add component (AddParameter): Name = "Input Capacitance"; Value = "27pF"; VariantName = "[No Variations]"
Add component (AddParameter): Name = "Lead Free"; Value = "Lead Free"; VariantName = "[No Variations]"
Add component (AddParameter): Name = "Length"; Value = "2.92mm"; VariantName = "[No Variations]"
Add component (AddParameter): Name = "Max Operating Temperature"; Value = "150°C"; VariantName = "[No Variations]"
Add component (AddParameter): Name = "Max Power Dissipation"; Value = "360mW"; VariantName = "[No Variations]"
Add component (AddParameter): Name = "Min Operating Temperature"; Value = "-55°C"; VariantName = "[No Variations]"
Add component (AddParameter): Name = "Mount"; Value = "Surface Mount"; VariantName = "[No Variations]"
Add component (AddParameter): Name = "Nominal Vgs"; Value = "1.3V"; VariantName = "[No Variations]"
Add component (AddParameter): Name = "Number of Elements"; Value = "1"; VariantName = "[No Variations]"
Add component (AddParameter): Name = "Number of Pins"; Value = "3"; VariantName = "[No Variations]"
Add component (AddParameter): Name = "On-State Resistance"; Value = "6R"; VariantName = "[No Variations]"
Add component (AddParameter): Name = "Package Quantity"; Value = "1"; VariantName = "[No Variations]"
Add component (AddParameter): Name = "Packaging"; Value = "Tape and Reel"; VariantName = "[No Variations]"
Add component (AddParameter): Name = "Power Dissipation"; Value = "360mW"; VariantName = "[No Variations]"
Add component (AddParameter): Name = "Radiation Hardening"; Value = "No"; VariantName = "[No Variations]"
Add component (AddParameter): Name = "Rds On Max"; Value = "3.5R"; VariantName = "[No Variations]"
Add component (AddParameter): Name = "REACH SVHC"; Value = "No SVHC"; VariantName = "[No Variations]"
Add component (AddParameter): Name = "Rise Time"; Value = "9ns"; VariantName = "[No Variations]"
Add component (AddParameter): Name = "Termination"; Value = "SMD/SMT"; VariantName = "[No Variations]"
Add component (AddParameter): Name = "Threshold Voltage"; Value = "1.3V"; VariantName = "[No Variations]"
Add component (AddParameter): Name = "Turn-Off Delay Time"; Value = "20ns"; VariantName = "[No Variations]"
Add component (AddParameter): Name = "Turn-On Delay Time"; Value = "2.5ns"; VariantName = "[No Variations]"
Add component (AddParameter): Name = "Voltage Rating (DC)"; Value = "50V"; VariantName = "[No Variations]"
Add component (AddParameter): Name = "Weight"; Value = "0.03g"; VariantName = "[No Variations]"
Add component (AddParameter): Name = "Width"; Value = "1.3mm"; VariantName = "[No Variations]"
Added Component: Designator=Q3(FP-318-08-IPC_B)
Add component (AddParameter): Name = "Case/Package"; Value = "SOT-23"; VariantName = "[No Variations]"
Add component (AddParameter): Name = "Contact Plating"; Value = "Tin"; VariantName = "[No Variations]"
Add component (AddParameter): Name = "Continuous Drain Current (ID)"; Value = "220mA"; VariantName = "[No Variations]"
Add component (AddParameter): Name = "Current Rating"; Value = "220mA"; VariantName = "[No Variations]"
Add component (AddParameter): Name = "Drain to Source Breakdown Voltage"; Value = "50V"; VariantName = "[No Variations]"
Add component (AddParameter): Name = "Drain to Source Resistance"; Value = "3.5R"; VariantName = "[No Variations]"
Add component (AddParameter): Name = "Drain to Source Voltage (Vdss)"; Value = "50V"; VariantName = "[No Variations]"
Add component (AddParameter): Name = "Dual Supply Voltage"; Value = "50V"; VariantName = "[No Variations]"
Add component (AddParameter): Name = "Element Configuration"; Value = "Single"; VariantName = "[No Variations]"
Add component (AddParameter): Name = "Fall Time"; Value = "9ns"; VariantName = "[No Variations]"
Add component (AddParameter): Name = "Gate to Source Voltage (Vgs)"; Value = "20V"; VariantName = "[No Variations]"
Add component (AddParameter): Name = "Height"; Value = "0.93mm"; VariantName = "[No Variations]"
Add component (AddParameter): Name = "Input Capacitance"; Value = "27pF"; VariantName = "[No Variations]"
Add component (AddParameter): Name = "Lead Free"; Value = "Lead Free"; VariantName = "[No Variations]"
Add component (AddParameter): Name = "Length"; Value = "2.92mm"; VariantName = "[No Variations]"
Add component (AddParameter): Name = "Max Operating Temperature"; Value = "150°C"; VariantName = "[No Variations]"
Add component (AddParameter): Name = "Max Power Dissipation"; Value = "360mW"; VariantName = "[No Variations]"
Add component (AddParameter): Name = "Min Operating Temperature"; Value = "-55°C"; VariantName = "[No Variations]"
Add component (AddParameter): Name = "Mount"; Value = "Surface Mount"; VariantName = "[No Variations]"
Add component (AddParameter): Name = "Nominal Vgs"; Value = "1.3V"; VariantName = "[No Variations]"
Add component (AddParameter): Name = "Number of Elements"; Value = "1"; VariantName = "[No Variations]"
Add component (AddParameter): Name = "Number of Pins"; Value = "3"; VariantName = "[No Variations]"
Add component (AddParameter): Name = "On-State Resistance"; Value = "6R"; VariantName = "[No Variations]"
Add component (AddParameter): Name = "Package Quantity"; Value = "1"; VariantName = "[No Variations]"
Add component (AddParameter): Name = "Packaging"; Value = "Tape and Reel"; VariantName = "[No Variations]"
Add component (AddParameter): Name = "Power Dissipation"; Value = "360mW"; VariantName = "[No Variations]"
Add component (AddParameter): Name = "Radiation Hardening"; Value = "No"; VariantName = "[No Variations]"
Add component (AddParameter): Name = "Rds On Max"; Value = "3.5R"; VariantName = "[No Variations]"
Add component (AddParameter): Name = "REACH SVHC"; Value = "No SVHC"; VariantName = "[No Variations]"
Add component (AddParameter): Name = "Rise Time"; Value = "9ns"; VariantName = "[No Variations]"
Add component (AddParameter): Name = "Termination"; Value = "SMD/SMT"; VariantName = "[No Variations]"
Add component (AddParameter): Name = "Threshold Voltage"; Value = "1.3V"; VariantName = "[No Variations]"
Add component (AddParameter): Name = "Turn-Off Delay Time"; Value = "20ns"; VariantName = "[No Variations]"
Add component (AddParameter): Name = "Turn-On Delay Time"; Value = "2.5ns"; VariantName = "[No Variations]"
Add component (AddParameter): Name = "Voltage Rating (DC)"; Value = "50V"; VariantName = "[No Variations]"
Add component (AddParameter): Name = "Weight"; Value = "0.03g"; VariantName = "[No Variations]"
Add component (AddParameter): Name = "Width"; Value = "1.3mm"; VariantName = "[No Variations]"
Added Component: Designator=Q4(FP-318-08-IPC_B)
Add component (AddParameter): Name = "Case/Package"; Value = "SOT-23"; VariantName = "[No Variations]"
Add component (AddParameter): Name = "Contact Plating"; Value = "Tin"; VariantName = "[No Variations]"
Add component (AddParameter): Name = "Continuous Drain Current (ID)"; Value = "220mA"; VariantName = "[No Variations]"
Add component (AddParameter): Name = "Current Rating"; Value = "220mA"; VariantName = "[No Variations]"
Add component (AddParameter): Name = "Drain to Source Breakdown Voltage"; Value = "50V"; VariantName = "[No Variations]"
Add component (AddParameter): Name = "Drain to Source Resistance"; Value = "3.5R"; VariantName = "[No Variations]"
Add component (AddParameter): Name = "Drain to Source Voltage (Vdss)"; Value = "50V"; VariantName = "[No Variations]"
Add component (AddParameter): Name = "Dual Supply Voltage"; Value = "50V"; VariantName = "[No Variations]"
Add component (AddParameter): Name = "Element Configuration"; Value = "Single"; VariantName = "[No Variations]"
Add component (AddParameter): Name = "Fall Time"; Value = "9ns"; VariantName = "[No Variations]"
Add component (AddParameter): Name = "Gate to Source Voltage (Vgs)"; Value = "20V"; VariantName = "[No Variations]"
Add component (AddParameter): Name = "Height"; Value = "0.93mm"; VariantName = "[No Variations]"
Add component (AddParameter): Name = "Input Capacitance"; Value = "27pF"; VariantName = "[No Variations]"
Add component (AddParameter): Name = "Lead Free"; Value = "Lead Free"; VariantName = "[No Variations]"
Add component (AddParameter): Name = "Length"; Value = "2.92mm"; VariantName = "[No Variations]"
Add component (AddParameter): Name = "Max Operating Temperature"; Value = "150°C"; VariantName = "[No Variations]"
Add component (AddParameter): Name = "Max Power Dissipation"; Value = "360mW"; VariantName = "[No Variations]"
Add component (AddParameter): Name = "Min Operating Temperature"; Value = "-55°C"; VariantName = "[No Variations]"
Add component (AddParameter): Name = "Mount"; Value = "Surface Mount"; VariantName = "[No Variations]"
Add component (AddParameter): Name = "Nominal Vgs"; Value = "1.3V"; VariantName = "[No Variations]"
Add component (AddParameter): Name = "Number of Elements"; Value = "1"; VariantName = "[No Variations]"
Add component (AddParameter): Name = "Number of Pins"; Value = "3"; VariantName = "[No Variations]"
Add component (AddParameter): Name = "On-State Resistance"; Value = "6R"; VariantName = "[No Variations]"
Add component (AddParameter): Name = "Package Quantity"; Value = "1"; VariantName = "[No Variations]"
Add component (AddParameter): Name = "Packaging"; Value = "Tape and Reel"; VariantName = "[No Variations]"
Add component (AddParameter): Name = "Power Dissipation"; Value = "360mW"; VariantName = "[No Variations]"
Add component (AddParameter): Name = "Radiation Hardening"; Value = "No"; VariantName = "[No Variations]"
Add component (AddParameter): Name = "Rds On Max"; Value = "3.5R"; VariantName = "[No Variations]"
Add component (AddParameter): Name = "REACH SVHC"; Value = "No SVHC"; VariantName = "[No Variations]"
Add component (AddParameter): Name = "Rise Time"; Value = "9ns"; VariantName = "[No Variations]"
Add component (AddParameter): Name = "Termination"; Value = "SMD/SMT"; VariantName = "[No Variations]"
Add component (AddParameter): Name = "Threshold Voltage"; Value = "1.3V"; VariantName = "[No Variations]"
Add component (AddParameter): Name = "Turn-Off Delay Time"; Value = "20ns"; VariantName = "[No Variations]"
Add component (AddParameter): Name = "Turn-On Delay Time"; Value = "2.5ns"; VariantName = "[No Variations]"
Add component (AddParameter): Name = "Voltage Rating (DC)"; Value = "50V"; VariantName = "[No Variations]"
Add component (AddParameter): Name = "Weight"; Value = "0.03g"; VariantName = "[No Variations]"
Add component (AddParameter): Name = "Width"; Value = "1.3mm"; VariantName = "[No Variations]"
Add Component: Footprint Not Found RES/0603
Add Component: Footprint Not Found RES/0603
Added Component: Designator=R45(RESC1608X55X30ML20T10)
Add component (AddParameter): Name = "Manufacturer"; Value = "KOA Speer"; VariantName = "[No Variations]"
Add component (AddParameter): Name = "Part Number"; Value = "RK73H1JTTD3300F"; VariantName = "[No Variations]"
Add Component: Footprint Not Found RES/0603
Added Component: Designator=U6(XIAO - 6mm annular)
Add component (AddParameter): Name = "Category"; Value = "DSPs - Digital Signal Processors"; VariantName = "[No Variations]"
Add component (AddParameter): Name = "ComponentLink1Description"; Value = "https://media.digikey.com/pdf/Data%20Sheets/Seeed%20Technology/102010328_Web.pdf?src-supplier=Digikey"; VariantName = "[No Variations]"
Add component (AddParameter): Name = "ComponentLink1URL"; Value = "https://media.digikey.com/pdf/Data%20Sheets/Seeed%20Technology/102010328_Web.pdf?src-supplier=Digikey"; VariantName = "[No Variations]"
Add component (AddParameter): Name = "Core Architecture"; Value = "ARM"; VariantName = "[No Variations]"
Add component (AddParameter): Name = "Evaluation Kit"; Value = "Yes"; VariantName = "[No Variations]"
Add component (AddParameter): Name = "Manufacturer"; Value = "Seeed Studio"; VariantName = "[No Variations]"
Add component (AddParameter): Name = "Manufacturer Part Number"; Value = "102010328"; VariantName = "[No Variations]"
Add component (AddParameter): Name = "Pricing 1"; Value = "1=5.4 (USD)"; VariantName = "[No Variations]"
Add component (AddParameter): Name = "RoHS"; Value = "No"; VariantName = "[No Variations]"
Add component (AddParameter): Name = "Series"; Value = "SAM D"; VariantName = "[No Variations]"
Add component (AddParameter): Name = "Stock 1"; Value = "2211"; VariantName = "[No Variations]"
Add component (AddParameter): Name = "Supplier 1"; Value = "Digikey"; VariantName = "[No Variations]"
Add component (AddParameter): Name = "Supplier Part Number 1"; Value = "1597-102010328-ND"; VariantName = "[No Variations]"
Added Pin To Net: NetName=GND Pin=J1-1
Added Pin To Net: NetName=+3V3 Pin=J1-2
Added Pin To Net: NetName=PB_Y Pin=P9-1
Added Pin To Net: NetName=BLUE_PB Pin=P9-2
Added Pin To Net: NetName=GREEN_PB Pin=P9-3
Added Pin To Net: NetName=PB_Red Pin=P9-4
Added Pin To Net: NetName=GND Pin=Q1-2
Added Pin To Net: NetName=GND Pin=Q2-2
Added Pin To Net: NetName=GND Pin=Q3-2
Added Pin To Net: NetName=GND Pin=Q4-2
Added Pin To Net: NetName=V_SYS_IN Pin=R14-2
Added Pin To Net: NetName=V_SYS_IN Pin=R15-2
Added Pin To Net: NetName=V_SYS_IN Pin=R21-2
Added Pin To Net: NetName=GND Pin=R37-2
Added Pin To Net: NetName=V_SYS_IN Pin=R38-2
Add Pin To Net: Unknown Pin: Pin R43-2
Add Pin To Net: Unknown Pin: Pin R44-2
Added Pin To Net: NetName=RED_LED Pin=R45-2
Add Pin To Net: Unknown Pin: Pin R46-2
Added Pin To Net: NetName=BATT_IN Pin=SW7-1
Add Pin To Net: Unknown Pin: Pin SW7-4
Added Pin To Net: NetName=SYS Pin=U1-22
Added Pin To Net: NetName=NetU3_14 Pin=U5-25
Added Pin To Net: NetName=NetU3_16 Pin=U5-26
Added Pin To Net: NetName=NetU3_1 Pin=U5-28
Added Pin To Net: NetName=GND Pin=U6-13
Added Pin To Net: NetName=NetP4_1 Pin=P4-1
Added Net: Name=NetP4_1
Added Pin To Net: NetName=NetP5_1 Pin=P5-1
Added Pin To Net: NetName=NetP5_1 Pin=R20-1
Added Pin To Net: NetName=NetP5_1 Pin=U6-8
Added Net: Name=NetP5_1
Added Pin To Net: NetName=NetP5_2 Pin=P5-2
Added Pin To Net: NetName=NetP5_2 Pin=R18-1
Added Pin To Net: NetName=NetP5_2 Pin=U6-7
Added Net: Name=NetP5_2
Added Pin To Net: NetName=NetP7_1 Pin=P7-1
Added Pin To Net: NetName=NetP7_1 Pin=R21-1
Added Net: Name=NetP7_1
Added Pin To Net: NetName=NetP7_2 Pin=P7-2
Added Pin To Net: NetName=NetP7_2 Pin=R15-1
Added Net: Name=NetP7_2
Added Pin To Net: NetName=NetP7_3 Pin=P7-3
Added Pin To Net: NetName=NetP7_3 Pin=R14-1
Added Net: Name=NetP7_3
Added Pin To Net: NetName=NetP7_4 Pin=P7-4
Added Pin To Net: NetName=NetP7_4 Pin=R38-1
Added Net: Name=NetP7_4
Added Pin To Net: NetName=NetP8_1 Pin=P8-1
Added Pin To Net: NetName=NetP8_1 Pin=Q3-3
Added Net: Name=NetP8_1
Added Pin To Net: NetName=NetP8_2 Pin=P8-2
Added Pin To Net: NetName=NetP8_2 Pin=Q2-3
Added Net: Name=NetP8_2
Added Pin To Net: NetName=NetP8_3 Pin=P8-3
Added Pin To Net: NetName=NetP8_3 Pin=Q1-3
Added Net: Name=NetP8_3
Added Pin To Net: NetName=NetP8_4 Pin=P8-4
Added Pin To Net: NetName=NetP8_4 Pin=Q4-3
Added Net: Name=NetP8_4
Added Pin To Net: NetName=NetQ1_1 Pin=Q1-1
Added Pin To Net: NetName=NetQ1_1 Pin=R22-1
Added Pin To Net: NetName=NetQ1_1 Pin=R37-1
Added Net: Name=NetQ1_1
Added Pin To Net: NetName=NetQ2_1 Pin=Q2-1
Added Pin To Net: NetName=NetQ2_1 Pin=R35-1
Added Net: Name=NetQ2_1
Added Pin To Net: NetName=NetQ3_1 Pin=Q3-1
Added Pin To Net: NetName=NetQ3_1 Pin=R36-1
Added Net: Name=NetQ3_1
Added Pin To Net: NetName=NetQ4_1 Pin=Q4-1
Added Pin To Net: NetName=NetQ4_1 Pin=R45-1
Added Net: Name=NetQ4_1
Added Pin To Net: NetName=NetR22_2 Pin=R22-2
Added Pin To Net: NetName=NetR22_2 Pin=U5-29
Added Net: Name=NetR22_2
Added Pin To Net: NetName=NetR23_2 Pin=R23-2
Added Pin To Net: NetName=NetR23_2 Pin=U5-46
Added Net: Name=NetR23_2
Added Pin To Net: NetName=NetR35_2 Pin=R35-2
Added Pin To Net: NetName=NetR35_2 Pin=U5-31
Added Net: Name=NetR35_2
Added Pin To Net: NetName=NetR36_2 Pin=R36-2
Added Pin To Net: NetName=NetR36_2 Pin=U5-38
Added Net: Name=NetR36_2
Added Pin To Net: NetName=NetSW7_2 Pin=SW7-2
Added Pin To Net: NetName=NetSW7_2 Pin=U6-14
Added Net: Name=NetSW7_2
Added Pin To Net: NetName=NetU5_27 Pin=U5-27
Added Net: Name=NetU5_27
Added Pin To Net: NetName=NetU5_32 Pin=U5-32
Added Net: Name=NetU5_32
Added Pin To Net: NetName=NetU5_33 Pin=U5-33
Added Net: Name=NetU5_33
Added Class: Name=3.3V_SUPPLY
Added Member To Class: ClassName=INTERFACE_rev2 Member=Component C1 0.1uF
Added Member To Class: ClassName=INTERFACE_rev2 Member=Component C2 0.1uF
Added Member To Class: ClassName=INTERFACE_rev2 Member=Component C4 0.1uF
Added Member To Class: ClassName=INTERFACE_rev2 Member=Component C5 0.1uF
Added Member To Class: ClassName=POWER_BATT_REV2 Member=Component C6 CAP/0603
Added Member To Class: ClassName=POWER_BATT_REV2 Member=Component C9 CAP/0603
Added Member To Class: ClassName=POWER_BATT_REV2 Member=Component C11 CAP/1206
Added Member To Class: ClassName=POWER_BATT_REV2 Member=Component C12 CAP/0603
Added Member To Class: ClassName=POWER_BATT_REV2 Member=Component C13 CAP/1206
Added Member To Class: ClassName=POWER_BATT_REV2 Member=Component C14 CAP/0603
Added Member To Class: ClassName=POWER_BATT_REV2 Member=Component C15 CAP/1206
Added Member To Class: ClassName=POWER_REV2 Member=Component C21 10UF 16V X7R
Added Member To Class: ClassName=AUDIO_REV2 Member=Component C24 10UF 16V X7R
Added Member To Class: ClassName=AUDIO_REV2 Member=Component C25 0.1uF
Added Member To Class: ClassName=MCU_REV2 Member=Component C29 4.7uF
Added Member To Class: ClassName=MCU_REV2 Member=Component C30 0.1uF
Added Member To Class: ClassName=MCU_REV2 Member=Component C31 0.1uF
Added Member To Class: ClassName=MCU_REV2 Member=Component C34 1uF
Added Member To Class: ClassName=MCU_REV2 Member=Component C35 0.1uF
Added Member To Class: ClassName=SD_CARD_REV2 Member=Component C38 0.1uF
Added Member To Class: ClassName=ARCADE_BUTTONS Member=Component C39 0.1uF
Added Member To Class: ClassName=ARCADE_BUTTONS Member=Component C41 0.1uF
Added Member To Class: ClassName=POWER_BATT_REV2 Member=Component J1 JST_PH 2.0 Male Header
Added Member To Class: ClassName=POWER_BATT_REV2 Member=Component P1 61300211121
Added Member To Class: ClassName=MCU_REV2 Member=Component P6 61300211121
Added Member To Class: ClassName=ARCADE_BUTTONS Member=Component P7 B4B-PH-K-S(LF)(SN)
Added Member To Class: ClassName=ARCADE_BUTTONS Member=Component P8 B4B-PH-K-S(LF)(SN)
Added Member To Class: ClassName=ARCADE_BUTTONS Member=Component P9 B4B-PH-K-S(LF)(SN)
Added Member To Class: ClassName=ARCADE_BUTTONS Member=Component Q1 BSS138
Added Member To Class: ClassName=ARCADE_BUTTONS Member=Component Q2 BSS138
Added Member To Class: ClassName=ARCADE_BUTTONS Member=Component Q3 BSS138
Added Member To Class: ClassName=ARCADE_BUTTONS Member=Component Q4 BSS138
Added Member To Class: ClassName=INTERFACE_rev2 Member=Component R1 4.7 KOhm, +/- 1%, 0.1 W
Added Member To Class: ClassName=INTERFACE_rev2 Member=Component R2 4.7 KOhm, +/- 1%, 0.1 W
Added Member To Class: ClassName=INTERFACE_rev2 Member=Component R3 4.7 KOhm, +/- 1%, 0.1 W
Added Member To Class: ClassName=INTERFACE_rev2 Member=Component R4 4.7 KOhm, +/- 1%, 0.1 W
Added Member To Class: ClassName=INTERFACE_rev2 Member=Component R5 4.7 KOhm, +/- 1%, 0.1 W
Added Member To Class: ClassName=POWER_BATT_REV2 Member=Component R6 RES/0603
Added Member To Class: ClassName=POWER_BATT_REV2 Member=Component R7 RES/0603
Added Member To Class: ClassName=POWER_BATT_REV2 Member=Component R10 RES/0603
Added Member To Class: ClassName=POWER_BATT_REV2 Member=Component R13 RES/0603
Added Member To Class: ClassName=AUDIO_REV2 Member=Component R17 100kO, 0.1%, 0.125W
Added Member To Class: ClassName=MCU_REV2 Member=Component R18 30 Ohm
Added Member To Class: ClassName=MCU_REV2 Member=Component R19 510 Ohm
Added Member To Class: ClassName=MCU_REV2 Member=Component R20 30 Ohm
Added Member To Class: ClassName=ARCADE_BUTTONS Member=Component R22 330 Ohms ±1% 0.125W
Added Member To Class: ClassName=MCU_REV2 Member=Component R23 510 Ohm
Added Member To Class: ClassName=MCU_REV2 Member=Component R24 10kOhm
Added Member To Class: ClassName=SD_CARD_REV2 Member=Component R26 10kOhm
Added Member To Class: ClassName=SD_CARD_REV2 Member=Component R27 10kOhm
Added Member To Class: ClassName=SD_CARD_REV2 Member=Component R29 10kOhm
Added Member To Class: ClassName=ARCADE_BUTTONS Member=Component R35 330 Ohms ±1% 0.125W
Added Member To Class: ClassName=ARCADE_BUTTONS Member=Component R36 330 Ohms ±1% 0.125W
Added Member To Class: ClassName=ARCADE_BUTTONS Member=Component R37 RES/0603
Added Member To Class: ClassName=ARCADE_BUTTONS Member=Component R38 330 Ohms ±1% 0.125W
Added Member To Class: ClassName=ARCADE_BUTTONS Member=Component R39 4.7 KOhm, +/- 1%, 0.1 W
Added Member To Class: ClassName=ARCADE_BUTTONS Member=Component R40 4.7 KOhm, +/- 1%, 0.1 W
Added Member To Class: ClassName=ARCADE_BUTTONS Member=Component R41 4.7 KOhm, +/- 1%, 0.1 W
Added Member To Class: ClassName=ARCADE_BUTTONS Member=Component R42 4.7 KOhm, +/- 1%, 0.1 W
Add Class Member: Failed to add class member : Component R43 RES/0603
Add Class Member: Failed to add class member : Component R44 RES/0603
Added Member To Class: ClassName=ARCADE_BUTTONS Member=Component R45 330 Ohms ±1% 0.125W
Add Class Member: Failed to add class member : Component R46 RES/0603
Added Member To Class: ClassName=POWER_BATT_REV2 Member=Component RT1 RES/0603
Added Member To Class: ClassName=INTERFACE_rev2 Member=Component SW5 1825910-6
Added Member To Class: ClassName=INTERFACE_rev2 Member=Component SW6 1825910-6
Added Member To Class: ClassName=POWER_BATT_REV2 Member=Component TP2 Small testpoint 40mil
Added Member To Class: ClassName=TP_STD_PERIPHERALS Member=Component TP3 Small testpoint 40mil
Added Member To Class: ClassName=POWER_BATT_REV2 Member=Component U1 MP2637
