Removed Pin From Net: NetName=+3V3 Pin=C37-2
Removed Pin From Net: NetName=+3V3 Pin=IC1-10
Removed Pin From Net: NetName=VIN Pin=J3-A4-B9
Removed Pin From Net: NetName=VIN Pin=J3-B4-A9
Removed Pin From Net: NetName=+3V3 Pin=SB4-1
Removed Pin From Net: NetName=+3V3 Pin=SB4-2
Change Component Designator: OldDesignator=DISP? NewDesignator=DISP1
Added Component: Designator=C39(CAPC1608X90N)
Add component (AddParameter): Name = "Arrow Part Number"; Value = "CL10B105KA8NNNC"; VariantName = "[No Variations]"
Add component (AddParameter): Name = "Arrow Price/Stock"; Value = "https://www.arrow.com/en/products/cl10b105ka8nnnc/samsung-electro-mechanics?region=nac"; VariantName = "[No Variations]"
Add component (AddParameter): Name = "Datasheet Link"; Value = "https://datasheet.datasheetarchive.com/originals/distributors/Datasheets-DGA10/2410489.pdf"; VariantName = "[No Variations]"
Add component (AddParameter): Name = "Height"; Value = "0.9mm"; VariantName = "[No Variations]"
Add component (AddParameter): Name = "Manufacturer_Name"; Value = "SAMSUNG"; VariantName = "[No Variations]"
Add component (AddParameter): Name = "Manufacturer_Part_Number"; Value = "CL10B105KA8NNNC"; VariantName = "[No Variations]"
Add component (AddParameter): Name = "Mouser Part Number"; Value = "187-CL10B105KA8NNNC"; VariantName = "[No Variations]"
Add component (AddParameter): Name = "Mouser Price/Stock"; Value = "https://www.mouser.co.uk/ProductDetail/Samsung-Electro-Mechanics/CL10B105KA8NNNC?qs=349EhDEZ59qp%252BMgnTol5Nw%3D%3D"; VariantName = "[No Variations]"
Add component (AddParameter): Name = "Parameter 1"; Value = "1 µF ±10% 25V Ceramic Capacitor X7R 0603 (1608 Metric)"; VariantName = "[No Variations]"
Added Component: Designator=C40(FP-CL21B106KOQNNNE-MFG)
Add component (AddParameter): Name = "Automotive"; Value = "No"; VariantName = "[No Variations]"
Add component (AddParameter): Name = "Capacitance"; Value = "10uF"; VariantName = "[No Variations]"
Add component (AddParameter): Name = "Category"; Value = "Cap"; VariantName = "[No Variations]"
Add component (AddParameter): Name = "ComponentLink2Description"; Value = "Datasheet"; VariantName = "[No Variations]"
Add component (AddParameter): Name = "ComponentLink2URL"; Value = "http://www.samsungsem.com/servlet/FileDownload?path=productsearch&sname=CL21B106KOQNNNE.pdf&oname=CL21B106KOQNNNE.pdf"; VariantName = "[No Variations]"
Add component (AddParameter): Name = "Device Class L1"; Value = "Passive Components"; VariantName = "[No Variations]"
Add component (AddParameter): Name = "Device Class L2"; Value = "Capacitors"; VariantName = "[No Variations]"
Add component (AddParameter): Name = "Device Class L3"; Value = "Ceramic Capacitors"; VariantName = "[No Variations]"
Add component (AddParameter): Name = "Digikey Description"; Value = "CAP CER 10UF 16V X7R 0805"; VariantName = "[No Variations]"
Add component (AddParameter): Name = "Height"; Value = "1.4mm"; VariantName = "[No Variations]"
Add component (AddParameter): Name = "Ipc Land Pattern Name"; Value = "CAPC200125X125"; VariantName = "[No Variations]"
Add component (AddParameter): Name = "Lead Free"; Value = "Yes"; VariantName = "[No Variations]"
Add component (AddParameter): Name = "Manufacturer"; Value = "Samsung Electro-Mechanics America, Inc"; VariantName = "[No Variations]"
Add component (AddParameter): Name = "Manufacturer Part Number"; Value = "CL21B106KOQNNNE"; VariantName = "[No Variations]"
Add component (AddParameter): Name = "Material"; Value = "Ceramic"; VariantName = "[No Variations]"
Add component (AddParameter): Name = "Octopart"; Value = "https://octopart.com/cl21b106koqnnne-samsung-19832289"; VariantName = "[No Variations]"
Add component (AddParameter): Name = "Package"; Value = "CL21B106KOQNNNE"; VariantName = "[No Variations]"
Add component (AddParameter): Name = "RoHS"; Value = "TRUE"; VariantName = "[No Variations]"
Add component (AddParameter): Name = "Temperature"; Value = "-55°C to +125°C"; VariantName = "[No Variations]"
Add component (AddParameter): Name = "Temperature Characteristic"; Value = "X7R"; VariantName = "[No Variations]"
Add component (AddParameter): Name = "Temperature Coefficient"; Value = "15%"; VariantName = "[No Variations]"
Add component (AddParameter): Name = "Temperature Range High"; Value = "+125°C"; VariantName = "[No Variations]"
Add component (AddParameter): Name = "Temperature Range Low"; Value = "-55°C"; VariantName = "[No Variations]"
Add component (AddParameter): Name = "Tolerance"; Value = "10%"; VariantName = "[No Variations]"
Add component (AddParameter): Name = "Value"; Value = "10uF"; VariantName = "[No Variations]"
Add component (AddParameter): Name = "Voltage Rating"; Value = "16V"; VariantName = "[No Variations]"
Added Pin To Net: NetName=SW Pin=*-22
Added Pin To Net: NetName=VIN Pin=C37-2
Added Pin To Net: NetName=GND Pin=C39-2
Added Pin To Net: NetName=VIN Pin=C40-1
Added Pin To Net: NetName=GND Pin=C40-2
Added Pin To Net: NetName=VIN Pin=IC1-10
Add Pin To Net: Unknown Pin: Pin L2-2
Added Pin To Net: NetName=VIN Pin=SB4-1
Added Pin To Net: NetName=VIN Pin=SB4-2
Change Net Name : Old Net Name=NetDISP?_3 New Net Name=NetDISP1_3
Change Net Name : Old Net Name=NetDISP?_4 New Net Name=NetDISP1_4
Added Pin To Net: NetName=NetC39_1 Pin=C39-1
Added Pin To Net: NetName=NetC39_1 Pin=J3-A4-B9
Added Pin To Net: NetName=NetC39_1 Pin=J3-B4-A9
Added Net: Name=NetC39_1
Added Member To Class: ClassName=MCU_REV2 Member=Component C13 0.1uF
Added Member To Class: ClassName=POWER_REV2 Member=Component C39 1 µF ±10% 25V
Added Member To Class: ClassName=POWER_REV2 Member=Component C40 10UF 16V X7R
Add Class Member: Failed to add class member : Component L2 FBMH1608HM601-T
