Removed Pin From Net: NetName=GND Pin=JP1-1
Removed Pin From Net: NetName=Net*_19 Pin=JP1-2
Removed Pin From Net: NetName=GND Pin=JP2-1
Removed Pin From Net: NetName=Net*_18 Pin=JP2-2
Removed Pin From Net: NetName=GND Pin=JP3-1
Removed Pin From Net: NetName=Net*_17 Pin=JP3-2
Removed Pin From Net: NetName=VCC Pin=JP4-1
Removed Pin From Net: NetName=V_BATT Pin=JP4-3
Removed Pin From Net: NetName=V_BATT Pin=JVBATT-1
Removed Member From Class: ClassName=POWER_BATT_REV2 Member=JP1
Removed Member From Class: ClassName=POWER_BATT_REV2 Member=JP2
Removed Member From Class: ClassName=POWER_BATT_REV2 Member=JP3
Removed Member From Class: ClassName=POWER_BATT_REV2 Member=JP4
Removed Member From Class: ClassName=POWER_BATT_REV2 Member=JVBATT
Removed Member From Class: ClassName=POWER_BATT_REV2 Member=LED3
Removed Member From Class: ClassName=POWER_BATT_REV2 Member=R11
Change Component Description : Designator=C8 Old Description=Ceramic Capacitor;50V;C0G;0603; New Description=Ceramic Capacitor;50V;C0G;0603; 100pF
Added Pin To Net: NetName=Net*_17 Pin=R5-1
Added Pin To Net: NetName=Net*_19 Pin=R6-1
Added Pin To Net: NetName=Net*_18 Pin=R7-1
Added Pin To Net: NetName=VCC Pin=R9-1
Change Net Name : Old Net Name=VCC New Net Name=LED
Add Differential Pair: Number of nets in differential pair USB_DN_UP is 1 instead of 2
Add Differential Pair: Number of nets in differential pair USB_DP_UP is 1 instead of 2
Added Member To Class: ClassName=POWER_REV2 Member=Component C21 1uF
Added Room: Name=AUDIO_REV2
Added Room: Name=INTERFACE_rev2
Added Room: Name=MCU_REV2
Added Room: Name=POWER_BATT_REV2
Added Room: Name=POWER_REV2
Added Room: Name=SD_CARD_REV2
Added Room: Name=TP_STD_PERIPHERALS
