Added Component: Designator=FID1(FIDUCIAL_SMALL)
Added Component: Designator=FID2(FIDUCIAL_SMALL)
Added Component: Designator=FID3(FIDUCIAL_SMALL)
Added Component: Designator=FID4(FIDUCIAL_SMALL)
Added Component: Designator=FID5(FIDUCIAL_SMALL)
Added Component: Designator=FID6(FIDUCIAL_SMALL)
Added Component: Designator=J3(FP-USB4105-GF-A-MFG)
Add component (AddParameter): Name = "Automotive"; Value = "No"; VariantName = "[No Variations]"
Add component (AddParameter): Name = "Category"; Value = "Conn"; VariantName = "[No Variations]"
Add component (AddParameter): Name = "ComponentLink2Description"; Value = "Datasheet"; VariantName = "[No Variations]"
Add component (AddParameter): Name = "ComponentLink2URL"; Value = "https://gct.co/files/drawings/usb4105.pdf"; VariantName = "[No Variations]"
Add component (AddParameter): Name = "Conn Orientation"; Value = "Right Angle"; VariantName = "[No Variations]"
Add component (AddParameter): Name = "Contact Material"; Value = "Gold,Nickel"; VariantName = "[No Variations]"
Add component (AddParameter): Name = "Current Rating"; Value = "5/6.25/1.25/0.25A"; VariantName = "[No Variations]"
Add component (AddParameter): Name = "Device Class L1"; Value = "Connectors"; VariantName = "[No Variations]"
Add component (AddParameter): Name = "Device Class L2"; Value = "USB Connectors"; VariantName = "[No Variations]"
Add component (AddParameter): Name = "Device Class L3"; Value = "unset"; VariantName = "[No Variations]"
Add component (AddParameter): Name = "Digikey Description"; Value = "CONN RCPT USB2.0 TYPEC 5A"; VariantName = "[No Variations]"
Add component (AddParameter): Name = "Height"; Value = "3.46mm"; VariantName = "[No Variations]"
Add component (AddParameter): Name = "Is Female"; Value = "yes"; VariantName = "[No Variations]"
Add component (AddParameter): Name = "Lead Free"; Value = "Yes"; VariantName = "[No Variations]"
Add component (AddParameter): Name = "Manufacturer"; Value = "GCT"; VariantName = "[No Variations]"
Add component (AddParameter): Name = "Manufacturer Part Number"; Value = "USB4105-GF-A"; VariantName = "[No Variations]"
Add component (AddParameter): Name = "Number Of Contacts"; Value = "16"; VariantName = "[No Variations]"
Add component (AddParameter): Name = "Octopart"; Value = "https://octopart.com/usb4105-gf-a-gct-106627878"; VariantName = "[No Variations]"
Add component (AddParameter): Name = "Package"; Value = "0"; VariantName = "[No Variations]"
Add component (AddParameter): Name = "RoHS"; Value = "TRUE"; VariantName = "[No Variations]"
Add component (AddParameter): Name = "Temperature"; Value = "-40°C to +85°C"; VariantName = "[No Variations]"
Add component (AddParameter): Name = "Temperature Range High"; Value = "+85°C"; VariantName = "[No Variations]"
Add component (AddParameter): Name = "Temperature Range Low"; Value = "-40°C"; VariantName = "[No Variations]"
Add component (AddParameter): Name = "Usb Standard"; Value = "USB 2.0"; VariantName = "[No Variations]"
Add component (AddParameter): Name = "Voltage Rating"; Value = "20V"; VariantName = "[No Variations]"
Add Component: Footprint Not Found CONN/2MM
Add Component: Footprint Not Found CONN/2MM
Add Component: Footprint Not Found CONN/1MM
Add Component: Footprint Not Found CONN/1MM
Add Component: Footprint Not Found CONN/2MM
Add Component: Footprint Not Found CONN/1MM
Add Component: Footprint Not Found CONN/2MM
Add Component: Footprint Not Found CONN/1MM
Add Component: Footprint Not Found CONN/2MM
Add Component: Footprint Not Found CONN/1MM
Added Pin To Net: NetName=SYS Pin=*-22
Add Pin To Net: Unknown Pin: Pin TP1-1
Add Pin To Net: Unknown Pin: Pin TP2-1
Add Pin To Net: Unknown Pin: Pin TP3-1
Add Pin To Net: Unknown Pin: Pin TP5-1
Add Pin To Net: Unknown Pin: Pin TP6-1
Add Pin To Net: Unknown Pin: Pin TP8-1
Add Pin To Net: Unknown Pin: Pin TP9-1
Add Pin To Net: Unknown Pin: Pin TP10-1
Add Pin To Net: Unknown Pin: Pin TP11-1
Add Pin To Net: Unknown Pin: Pin TP12-1
Added Class: Name=TP_STD_PERIPHERALS
Added Member To Class: ClassName=MCU_REV2 Member=Component C12 0.1uF
Added Member To Class: ClassName=MCU_REV2 Member=Component C13 0.1uF
Added Member To Class: ClassName=MCU_REV2 Member=Component C14 4.7uF
Added Member To Class: ClassName=MCU_REV2 Member=Component C15 0.1uF
Added Member To Class: ClassName=MCU_REV2 Member=Component C16 0.1uF
Added Member To Class: ClassName=MCU_REV2 Member=Component C17 0.1uF
Added Member To Class: ClassName=MCU_REV2 Member=Component C18 1uF
Added Member To Class: ClassName=MCU_REV2 Member=Component C19 0.1uF
Added Member To Class: ClassName=MCU_REV2 Member=Component J1 3220-10-0100-00
Added Member To Class: ClassName=POWER_REV2 Member=Component J3 USB4105-GF-A
Added Member To Class: ClassName=MCU_REV2 Member=Component LED4 MCL-S270SRC
Added Member To Class: ClassName=MCU_REV2 Member=Component P1 61300211121
Added Member To Class: ClassName=MCU_REV2 Member=Component P2 61300211121
Added Member To Class: ClassName=MCU_REV2 Member=Component R8 30 Ohm
Added Member To Class: ClassName=MCU_REV2 Member=Component R12 30 Ohm
Added Member To Class: ClassName=MCU_REV2 Member=Component R13 510 Ohm
Added Member To Class: ClassName=MCU_REV2 Member=Component R14 10kOhm
Add Class Member: Failed to add class member : Component TP1 VIN
Add Class Member: Failed to add class member : Component TP2 PGND
Add Class Member: Failed to add class member : Component TP3 VCC
Add Class Member: Failed to add class member : Component TP5 AGND
Add Class Member: Failed to add class member : Component TP6 SYS
Add Class Member: Failed to add class member : Component TP8 SYS
Add Class Member: Failed to add class member : Component TP9 BATT
Add Class Member: Failed to add class member : Component TP10 NTC
Add Class Member: Failed to add class member : Component TP11 PGND
Add Class Member: Failed to add class member : Component TP12 SYS
Added Member To Class: ClassName=MCU_REV2 Member=Component U1 STM32L433CCT6 -  48LQFP
Added Room: Name=AUDIO_REV2
Added Room: Name=INTERFACE_rev2
Added Room: Name=MCU_REV2
Added Room: Name=POWER_BATT_REV2
Added Room: Name=POWER_REV2
Added Room: Name=TP_STD_PERIPHERALS
