Removed Pin From Net: NetName=GND Pin=C?-1
Removed Pin From Net: NetName=+3V3 Pin=C?-2
Removed Pin From Net: NetName=NetIC?_2 Pin=U1-32
Removed Pin From Net: NetName=NetIC?_1 Pin=U1-33
Removed Member From Class: ClassName=POWER_REV2 Member=C?
Change Component Comment : Designator=R10 Old Comment=10kOhm New Comment=10K OHM 5% 1/8W
Change Component Designator: OldDesignator=C? NewDesignator=C36
Change Component Designator: OldDesignator=IC? NewDesignator=IC1
Change Component Designator: OldDesignator=R? NewDesignator=R39
Change Component Designator: OldDesignator=R? NewDesignator=R40
Added Component: Designator=C21(CAPC1608X90N)
Add component (AddParameter): Name = "Arrow Part Number"; Value = "CL10B105KA8NNNC"; VariantName = "[No Variations]"
Add component (AddParameter): Name = "Arrow Price/Stock"; Value = "https://www.arrow.com/en/products/cl10b105ka8nnnc/samsung-electro-mechanics?region=nac"; VariantName = "[No Variations]"
Add component (AddParameter): Name = "Datasheet Link"; Value = "https://datasheet.datasheetarchive.com/originals/distributors/Datasheets-DGA10/2410489.pdf"; VariantName = "[No Variations]"
Add component (AddParameter): Name = "Height"; Value = "0.9mm"; VariantName = "[No Variations]"
Add component (AddParameter): Name = "Manufacturer_Name"; Value = "SAMSUNG"; VariantName = "[No Variations]"
Add component (AddParameter): Name = "Manufacturer_Part_Number"; Value = "CL10B105KA8NNNC"; VariantName = "[No Variations]"
Add component (AddParameter): Name = "Mouser Part Number"; Value = "187-CL10B105KA8NNNC"; VariantName = "[No Variations]"
Add component (AddParameter): Name = "Mouser Price/Stock"; Value = "https://www.mouser.co.uk/ProductDetail/Samsung-Electro-Mechanics/CL10B105KA8NNNC?qs=349EhDEZ59qp%252BMgnTol5Nw%3D%3D"; VariantName = "[No Variations]"
Add component (AddParameter): Name = "Parameter 1"; Value = "1 µF ±10% 25V Ceramic Capacitor X7R 0603 (1608 Metric)"; VariantName = "[No Variations]"
Added Component: Designator=C21(CAPC1608X90N)
Add component (AddParameter): Name = "Arrow Part Number"; Value = "CL10B105KA8NNNC"; VariantName = "[No Variations]"
Add component (AddParameter): Name = "Arrow Price/Stock"; Value = "https://www.arrow.com/en/products/cl10b105ka8nnnc/samsung-electro-mechanics?region=nac"; VariantName = "[No Variations]"
Add component (AddParameter): Name = "Datasheet Link"; Value = "https://datasheet.datasheetarchive.com/originals/distributors/Datasheets-DGA10/2410489.pdf"; VariantName = "[No Variations]"
Add component (AddParameter): Name = "Height"; Value = "0.9mm"; VariantName = "[No Variations]"
Add component (AddParameter): Name = "Manufacturer_Name"; Value = "SAMSUNG"; VariantName = "[No Variations]"
Add component (AddParameter): Name = "Manufacturer_Part_Number"; Value = "CL10B105KA8NNNC"; VariantName = "[No Variations]"
Add component (AddParameter): Name = "Mouser Part Number"; Value = "187-CL10B105KA8NNNC"; VariantName = "[No Variations]"
Add component (AddParameter): Name = "Mouser Price/Stock"; Value = "https://www.mouser.co.uk/ProductDetail/Samsung-Electro-Mechanics/CL10B105KA8NNNC?qs=349EhDEZ59qp%252BMgnTol5Nw%3D%3D"; VariantName = "[No Variations]"
Add component (AddParameter): Name = "Parameter 1"; Value = "1 µF ±10% 25V Ceramic Capacitor X7R 0603 (1608 Metric)"; VariantName = "[No Variations]"
Added Pin To Net: NetName=GND Pin=C21-1
Added Pin To Net: NetName=GND Pin=C21-1
Added Pin To Net: NetName=+3V3 Pin=C21-2
Added Pin To Net: NetName=+3V3 Pin=C21-2
Change Net Name : Old Net Name=NetC?_2 New Net Name=NetC36_2
Change Net Name : Old Net Name=NetIC?_1 New Net Name=USB_DP_UP
Change Net Name : Old Net Name=NetIC?_2 New Net Name=USB_DN_UP
Change Net Name : Old Net Name=NetIC?_4 New Net Name=NetIC1_4
Change Net Name : Old Net Name=NetIC?_5 New Net Name=NetIC1_5
Change Net Name : Old Net Name=NetIC?_9 New Net Name=NetIC1_9
Change Net Name : Old Net Name=NetIC?_11 New Net Name=NetIC1_11
Change Net Name : Old Net Name=NetIC?_12 New Net Name=NetIC1_12
Added Pin To Net: NetName=NetJ3_A8 Pin=J3-A8
Added Net: Name=NetJ3_A8
Added Pin To Net: NetName=NetJ3_B8 Pin=J3-B8
Added Net: Name=NetJ3_B8
Added Pin To Net: NetName=USB_DN Pin=IC1-14
Added Pin To Net: NetName=USB_DN Pin=U1-32
Added Net: Name=USB_DN
Added Pin To Net: NetName=USB_DP Pin=IC1-15
Added Pin To Net: NetName=USB_DP Pin=U1-33
Added Net: Name=USB_DP
Add Differential Pair: Number of nets in differential pair USB_DN_UP is 1 instead of 2
Add Differential Pair: Number of nets in differential pair USB_DP_UP is 1 instead of 2
Added Member To Class: ClassName=MCU_REV2 Member=Component C21 1uF
Added Member To Class: ClassName=POWER_REV2 Member=Component C21 1uF
Added Member To Class: ClassName=ARCADE_BUTTONS Member=Component C31 0.1uF
Added Member To Class: ClassName=ARCADE_BUTTONS Member=Component C32 0.1uF
Added Member To Class: ClassName=POWER_REV2 Member=Component C36 0.1 uF, +/- 10%, 50 V
Added Member To Class: ClassName=ARCADE_BUTTONS Member=Component J4 2.8mm Terminal
Added Member To Class: ClassName=ARCADE_BUTTONS Member=Component J5 2.8mm Terminal
Added Member To Class: ClassName=POWER_BATT_REV2 Member=Component P4 61300211121
Added Member To Class: ClassName=ARCADE_BUTTONS Member=Component R23 330 Ohms ±1% 0.125W
Added Member To Class: ClassName=ARCADE_BUTTONS Member=Component R24 330 Ohms ±1% 0.125W
Added Member To Class: ClassName=ARCADE_BUTTONS Member=Component R25 330 Ohms ±1% 0.125W
Added Member To Class: ClassName=ARCADE_BUTTONS Member=Component R26 330 Ohms ±1% 0.125W
Added Member To Class: ClassName=ARCADE_BUTTONS Member=Component R27 4.7 KOhm, +/- 1%, 0.1 W
Added Member To Class: ClassName=ARCADE_BUTTONS Member=Component R28 4.7 KOhm, +/- 1%, 0.1 W
Added Member To Class: ClassName=ARCADE_BUTTONS Member=Component R29 4.7 KOhm, +/- 1%, 0.1 W
Added Member To Class: ClassName=ARCADE_BUTTONS Member=Component R30 4.7 KOhm, +/- 1%, 0.1 W
Added Member To Class: ClassName=POWER_REV2 Member=Component R39  5.1K OHM 1% 1/10W
Added Member To Class: ClassName=ARCADE_BUTTONS Member=Component SB4 Solder Bridge
Added Member To Class: ClassName=POWER_REV2 Member=Component SB4 Solder Bridge
Added Member To Class: ClassName=ARCADE_BUTTONS Member=Component SB5 Solder Bridge
