Removed Pin From Net: NetName=GND Pin=C31-1
Removed Pin From Net: NetName=GREEN_PB Pin=C31-2
Removed Pin From Net: NetName=GND Pin=C32-1
Removed Pin From Net: NetName=RED_PB Pin=C32-2
Removed Pin From Net: NetName=RED_LED Pin=J4-1
Removed Pin From Net: NetName=BLUE_LED Pin=J5-1
Removed Pin From Net: NetName=YELLOW_LED Pin=P4-1
Removed Pin From Net: NetName=GREEN_LED Pin=P4-2
Removed Pin From Net: NetName=YELLOW_PB Pin=P6-1
Removed Pin From Net: NetName=BLUE_PB Pin=P6-2
Removed Pin From Net: NetName=GREEN_PB Pin=P7-1
Removed Pin From Net: NetName=RED_PB Pin=P7-2
Removed Pin From Net: NetName=YELLOW_LED Pin=R23-1
Removed Pin From Net: NetName=+3V3 Pin=R23-2
Removed Pin From Net: NetName=GREEN_LED Pin=R24-1
Removed Pin From Net: NetName=+3V3 Pin=R24-2
Removed Pin From Net: NetName=RED_LED Pin=R25-1
Removed Pin From Net: NetName=+3V3 Pin=R25-2
Removed Pin From Net: NetName=BLUE_LED Pin=R26-1
Removed Pin From Net: NetName=+3V3 Pin=R26-2
Removed Pin From Net: NetName=+3V3 Pin=R27-1
Removed Pin From Net: NetName=RED_PB Pin=R27-2
Removed Pin From Net: NetName=+3V3 Pin=R28-1
Removed Pin From Net: NetName=BLUE_PB Pin=R28-2
Removed Pin From Net: NetName=+3V3 Pin=R29-1
Removed Pin From Net: NetName=YELLOW_PB Pin=R29-2
Removed Pin From Net: NetName=+3V3 Pin=R30-1
Removed Pin From Net: NetName=GREEN_PB Pin=R30-2
Removed Pin From Net: NetName=+3V3 Pin=SB4-1
Removed Pin From Net: NetName=+3V3 Pin=SB4-2
Removed Pin From Net: NetName=+3V3 Pin=SB5-1
Removed Pin From Net: NetName=+3V3 Pin=SB5-2
Removed Member From Class: ClassName=INTERFACE_rev2 Member=C31
Removed Member From Class: ClassName=INTERFACE_rev2 Member=C32
Removed Member From Class: ClassName=INTERFACE_rev2 Member=J4
Removed Member From Class: ClassName=INTERFACE_rev2 Member=J5
Removed Member From Class: ClassName=INTERFACE_rev2 Member=P4
Removed Member From Class: ClassName=INTERFACE_rev2 Member=P6
Removed Member From Class: ClassName=INTERFACE_rev2 Member=P7
Removed Member From Class: ClassName=INTERFACE_rev2 Member=R23
Removed Member From Class: ClassName=INTERFACE_rev2 Member=R24
Removed Member From Class: ClassName=INTERFACE_rev2 Member=R25
Removed Member From Class: ClassName=INTERFACE_rev2 Member=R26
Removed Member From Class: ClassName=INTERFACE_rev2 Member=R27
Removed Member From Class: ClassName=INTERFACE_rev2 Member=R28
Removed Member From Class: ClassName=INTERFACE_rev2 Member=R29
Removed Member From Class: ClassName=INTERFACE_rev2 Member=R30
Removed Member From Class: ClassName=INTERFACE_rev2 Member=SB4
Removed Member From Class: ClassName=INTERFACE_rev2 Member=SB5
Added Pin To Net: NetName=NetIC?_11 Pin=R?-2
Added Pin To Net: NetName=NetIC?_12 Pin=R?-2
Added Member To Class: ClassName=POWER_REV2 Member=Component C? 0.1 uF, +/- 10%, 50 V
Added Member To Class: ClassName=POWER_REV2 Member=Component R?  5.1K OHM 1% 1/10W
