Removed Pin From Net: NetName=NetP4_1 Pin=P4-1
Removed Pin From Net: NetName=NetP4_2 Pin=P4-2
Removed Member From Class: ClassName=JOYSTICK Member=P4
Added Component: Designator=J?(17424281)
Add component (AddParameter): Name = "Arrow Part Number"; Value = "1742428-1"; VariantName = "[No Variations]"
Add component (AddParameter): Name = "Arrow Price/Stock"; Value = "https://www.arrow.com/en/products/1742428-1/te-connectivity?region=nac"; VariantName = "[No Variations]"
Add component (AddParameter): Name = "Datasheet Link"; Value = "https://www.te.com/commerce/DocumentDelivery/DDEController?Action=showdoc&DocId=Customer+Drawing%7F1742428%7FB%7Fpdf%7FEnglish%7FENG_CD_1742428_B_baseFilename.pdf%7F1742428-1"; VariantName = "[No Variations]"
Add component (AddParameter): Name = "Height"; Value = "7.62mm"; VariantName = "[No Variations]"
Add component (AddParameter): Name = "Manufacturer_Name"; Value = "TE Connectivity"; VariantName = "[No Variations]"
Add component (AddParameter): Name = "Manufacturer_Part_Number"; Value = "1742428-1"; VariantName = "[No Variations]"
Add component (AddParameter): Name = "Mouser Part Number"; Value = "571-1742428-1"; VariantName = "[No Variations]"
Add component (AddParameter): Name = "Mouser Price/Stock"; Value = "https://www.mouser.co.uk/ProductDetail/TE-Connectivity-AMP/1742428-1?qs=%252BGGIKoiLAWkw3iMz3TrvdA%3D%3D"; VariantName = "[No Variations]"
Added Component: Designator=J?(17424281)
Add component (AddParameter): Name = "Arrow Part Number"; Value = "1742428-1"; VariantName = "[No Variations]"
Add component (AddParameter): Name = "Arrow Price/Stock"; Value = "https://www.arrow.com/en/products/1742428-1/te-connectivity?region=nac"; VariantName = "[No Variations]"
Add component (AddParameter): Name = "Datasheet Link"; Value = "https://www.te.com/commerce/DocumentDelivery/DDEController?Action=showdoc&DocId=Customer+Drawing%7F1742428%7FB%7Fpdf%7FEnglish%7FENG_CD_1742428_B_baseFilename.pdf%7F1742428-1"; VariantName = "[No Variations]"
Add component (AddParameter): Name = "Height"; Value = "7.62mm"; VariantName = "[No Variations]"
Add component (AddParameter): Name = "Manufacturer_Name"; Value = "TE Connectivity"; VariantName = "[No Variations]"
Add component (AddParameter): Name = "Manufacturer_Part_Number"; Value = "1742428-1"; VariantName = "[No Variations]"
Add component (AddParameter): Name = "Mouser Part Number"; Value = "571-1742428-1"; VariantName = "[No Variations]"
Add component (AddParameter): Name = "Mouser Price/Stock"; Value = "https://www.mouser.co.uk/ProductDetail/TE-Connectivity-AMP/1742428-1?qs=%252BGGIKoiLAWkw3iMz3TrvdA%3D%3D"; VariantName = "[No Variations]"
Added Pin To Net: NetName=SW Pin=*-22
Added Pin To Net: NetName=NetP4_1 Pin=J?-1
Added Pin To Net: NetName=NetP4_2 Pin=J?-1
Change Net Name : Old Net Name=NetP4_1 New Net Name=NetJ?_1
Change Net Name : Old Net Name=NetP4_2 New Net Name=NetJ?_1
Change Class Name : Old Net Name=JOYSTICK New Net Name=ARCADE_BUTTONS
Added Member To Class: ClassName=ARCADE_BUTTONS Member=Component C? 0.1uF
Added Member To Class: ClassName=ARCADE_BUTTONS Member=Component J? 2.8mm Terminal
Added Member To Class: ClassName=ARCADE_BUTTONS Member=Component J? 2.8mm Terminal
Added Member To Class: ClassName=ARCADE_BUTTONS Member=Component J? 2.8mm Terminal
Added Member To Class: ClassName=ARCADE_BUTTONS Member=Component J? 2.8mm Terminal
Added Member To Class: ClassName=ARCADE_BUTTONS Member=Component J? 2.8mm Terminal
Added Room: Name=ARCADE_BUTTONS
