Change Component Designator: OldDesignator=GND NewDesignator=GND1
Change Component Designator: OldDesignator=GND NewDesignator=GND2
Change Component Designator: OldDesignator=P3 NewDesignator=JP2
Change Component Designator: OldDesignator=P4 NewDesignator=JP1
Added Pin To Net: NetName=SW Pin=U1-22
Change Net Name : Old Net Name=NetP4_1 New Net Name=NetJP1_1
Added Member To Class: ClassName=POWER_BATT_REV2 Member=Component GND2 CONN HEADER VERT 1POS 2.54MM
Add Class Member: Failed to add class member : Component HW1 SCREW M3 x 25mm
Add Class Member: Failed to add class member : Component HW2 SCREW M3 x 25mm
Add Class Member: Failed to add class member : Component HW3 SCREW M2 x 25mm
Add Class Member: Failed to add class member : Component HW4 SCREW M2 x 25mm
Add Class Member: Failed to add class member : Component HW5 SCREW M3 x 25mm
Add Class Member: Failed to add class member : Component HW6 SCREW M3 x 25mm
Add Class Member: Failed to add class member : Component HW7 SCREW M2 x 25mm
Add Class Member: Failed to add class member : Component HW8 SCREW M2 x 25mm
Add Class Member: Failed to add class member : Component HW9 NUT M3
Add Class Member: Failed to add class member : Component HW10 NUT M3
Add Class Member: Failed to add class member : Component HW11 NUT M2
Add Class Member: Failed to add class member : Component HW12 NUT M2
Add Class Member: Failed to add class member : Component HW13 NUT M3
Add Class Member: Failed to add class member : Component HW14 NUT M3
Add Class Member: Failed to add class member : Component HW15 NUT M2
Add Class Member: Failed to add class member : Component HW16 NUT M2
Add Class Member: Failed to add class member : Component HW17 STANDOFF M3
Add Class Member: Failed to add class member : Component HW18 STANDOFF M3
Add Class Member: Failed to add class member : Component HW19 STANDOFF M3
Add Class Member: Failed to add class member : Component HW20 STANDOFF M3
