Removed Member From Class: ClassName=POWER_BATT_REV2 Member=C10
Removed Member From Class: ClassName=ARCADE_BUTTONS Member=C33
Removed Member From Class: ClassName=ARCADE_BUTTONS Member=J6
Change Component Designator: OldDesignator=* NewDesignator=*1
Change Component Designator: OldDesignator=C1 NewDesignator=C12
Change Component Designator: OldDesignator=C2 NewDesignator=C9
Change Component Designator: OldDesignator=C3 NewDesignator=C13
Change Component Designator: OldDesignator=C4 NewDesignator=C16
Change Component Designator: OldDesignator=C5 NewDesignator=C11
Change Component Designator: OldDesignator=C6 NewDesignator=C15
Change Component Designator: OldDesignator=C9 NewDesignator=C10
Change Component Designator: OldDesignator=C10 NewDesignator=C6
Change Component Designator: OldDesignator=C11 NewDesignator=C14
Change Component Designator: OldDesignator=C12 NewDesignator=C27
Change Component Designator: OldDesignator=C13 NewDesignator=C28
Change Component Designator: OldDesignator=C14 NewDesignator=C29
Change Component Designator: OldDesignator=C15 NewDesignator=C30
Change Component Designator: OldDesignator=C16 NewDesignator=C31
Change Component Designator: OldDesignator=C17 NewDesignator=C33
Change Component Designator: OldDesignator=C18 NewDesignator=C34
Change Component Designator: OldDesignator=C19 NewDesignator=C35
Change Component Designator: OldDesignator=C20 NewDesignator=C17
Change Component Designator: OldDesignator=C21 NewDesignator=C32
Change Component Designator: OldDesignator=C22 NewDesignator=C1
Change Component Designator: OldDesignator=C23 NewDesignator=C2
Change Component Designator: OldDesignator=C24 NewDesignator=C3
Change Component Designator: OldDesignator=C25 NewDesignator=C4
Change Component Designator: OldDesignator=C26 NewDesignator=C5
Change Component Designator: OldDesignator=C27 NewDesignator=C24
Change Component Designator: OldDesignator=C28 NewDesignator=C25
Change Component Designator: OldDesignator=C29 NewDesignator=C36
Change Component Designator: OldDesignator=C30 NewDesignator=C37
Change Component Designator: OldDesignator=C31 NewDesignator=C39
Change Component Designator: OldDesignator=C32 NewDesignator=C40
Change Component Designator: OldDesignator=C33 NewDesignator=C38
Change Component Designator: OldDesignator=C33 NewDesignator=C41
Change Component Designator: OldDesignator=C34 NewDesignator=C42
Change Component Designator: OldDesignator=C35 NewDesignator=C20
Change Component Designator: OldDesignator=C36 NewDesignator=C22
Change Component Designator: OldDesignator=C37 NewDesignator=C23
Change Component Designator: OldDesignator=C38 NewDesignator=C18
Change Component Designator: OldDesignator=C39 NewDesignator=C19
Change Component Designator: OldDesignator=C40 NewDesignator=C21
Change Component Designator: OldDesignator=C41 NewDesignator=C26
Change Component Designator: OldDesignator=CBATT NewDesignator=CBATT1
Change Component Designator: OldDesignator=CIN NewDesignator=CIN1
Change Component Designator: OldDesignator=CSYS NewDesignator=CSYS1
Change Component Designator: OldDesignator=J1 NewDesignator=J3
Change Component Designator: OldDesignator=J2 NewDesignator=J5
Change Component Designator: OldDesignator=J3 NewDesignator=J2
Change Component Designator: OldDesignator=J4 NewDesignator=J6
Change Component Designator: OldDesignator=J5 NewDesignator=J7
Change Component Designator: OldDesignator=J6 NewDesignator=J1
Change Component Designator: OldDesignator=J6 NewDesignator=J8
Change Component Designator: OldDesignator=J7 NewDesignator=J9
Change Component Designator: OldDesignator=J9 NewDesignator=J11
Change Component Designator: OldDesignator=J10 NewDesignator=J12
Change Component Designator: OldDesignator=J11 NewDesignator=J13
Change Component Designator: OldDesignator=J12 NewDesignator=J14
Change Component Designator: OldDesignator=J13 NewDesignator=J4
Change Component Designator: OldDesignator=J14 NewDesignator=J10
Change Component Designator: OldDesignator=JAGND NewDesignator=JAGND1
Change Component Designator: OldDesignator=JPGND NewDesignator=JPGND1
Change Component Designator: OldDesignator=LED4 NewDesignator=LED3
Change Component Designator: OldDesignator=P1 NewDesignator=P5
Change Component Designator: OldDesignator=P2 NewDesignator=P6
Change Component Designator: OldDesignator=P4 NewDesignator=P2
Change Component Designator: OldDesignator=P5 NewDesignator=P1
Change Component Designator: OldDesignator=P6 NewDesignator=P4
Change Component Designator: OldDesignator=R1 NewDesignator=R6
Change Component Designator: OldDesignator=R2 NewDesignator=R7
Change Component Designator: OldDesignator=R3 NewDesignator=R9
Change Component Designator: OldDesignator=R4 NewDesignator=R8
Change Component Designator: OldDesignator=R5 NewDesignator=R12
Change Component Designator: OldDesignator=R6 NewDesignator=R10
Change Component Designator: OldDesignator=R7 NewDesignator=R11
Change Component Designator: OldDesignator=R8 NewDesignator=R20
Change Component Designator: OldDesignator=R9 NewDesignator=R13
Change Component Designator: OldDesignator=R10 NewDesignator=R25
Change Component Designator: OldDesignator=R12 NewDesignator=R18
Change Component Designator: OldDesignator=R13 NewDesignator=R23
Change Component Designator: OldDesignator=R14 NewDesignator=R24
Change Component Designator: OldDesignator=R15 NewDesignator=R16
Change Component Designator: OldDesignator=R16 NewDesignator=R17
Change Component Designator: OldDesignator=R17 NewDesignator=R26
Change Component Designator: OldDesignator=R18 NewDesignator=R1
Change Component Designator: OldDesignator=R19 NewDesignator=R2
Change Component Designator: OldDesignator=R20 NewDesignator=R3
Change Component Designator: OldDesignator=R21 NewDesignator=R4
Change Component Designator: OldDesignator=R22 NewDesignator=R5
Change Component Designator: OldDesignator=R23 NewDesignator=R35
Change Component Designator: OldDesignator=R24 NewDesignator=R36
Change Component Designator: OldDesignator=R25 NewDesignator=R37
Change Component Designator: OldDesignator=R26 NewDesignator=R38
Change Component Designator: OldDesignator=R27 NewDesignator=R39
Change Component Designator: OldDesignator=R28 NewDesignator=R40
Change Component Designator: OldDesignator=R29 NewDesignator=R41
Change Component Designator: OldDesignator=R30 NewDesignator=R42
Change Component Designator: OldDesignator=R31 NewDesignator=R27
Change Component Designator: OldDesignator=R32 NewDesignator=R28
Change Component Designator: OldDesignator=R33 NewDesignator=R29
Change Component Designator: OldDesignator=R34 NewDesignator=R30
Change Component Designator: OldDesignator=R35 NewDesignator=R32
Change Component Designator: OldDesignator=R36 NewDesignator=R33
Change Component Designator: OldDesignator=R37 NewDesignator=R34
Change Component Designator: OldDesignator=R38 NewDesignator=R31
Change Component Designator: OldDesignator=R39 NewDesignator=R14
Change Component Designator: OldDesignator=R40 NewDesignator=R15
Change Component Designator: OldDesignator=R41 NewDesignator=R21
Change Component Designator: OldDesignator=R42 NewDesignator=R22
Change Component Designator: OldDesignator=R43 NewDesignator=R19
Change Component Designator: OldDesignator=RH NewDesignator=RH1
Change Component Designator: OldDesignator=RILIM NewDesignator=RILIM1
Change Component Designator: OldDesignator=RISET NewDesignator=RISET1
Change Component Designator: OldDesignator=RL NewDesignator=RL1
Change Component Designator: OldDesignator=ROLM NewDesignator=ROLM1
Change Component Designator: OldDesignator=RT1 NewDesignator=RT3
Change Component Designator: OldDesignator=RT NewDesignator=RT1
Change Component Designator: OldDesignator=SB1 NewDesignator=SB6
Change Component Designator: OldDesignator=SB2 NewDesignator=SB5
Change Component Designator: OldDesignator=SB3 NewDesignator=SB8
Change Component Designator: OldDesignator=SB5 NewDesignator=SB9
Change Component Designator: OldDesignator=SB6 NewDesignator=SB7
Change Component Designator: OldDesignator=SB7 NewDesignator=SB3
Change Component Designator: OldDesignator=SB8 NewDesignator=SB1
Change Component Designator: OldDesignator=SB9 NewDesignator=SB2
Change Component Designator: OldDesignator=SW4 NewDesignator=SW5
Change Component Designator: OldDesignator=SW5 NewDesignator=SW6
Change Component Designator: OldDesignator=SW6 NewDesignator=SW4
Change Component Designator: OldDesignator=SW8 NewDesignator=SW7
Change Component Designator: OldDesignator=TP2 NewDesignator=TP5
Change Component Designator: OldDesignator=TP3 NewDesignator=TP2
Change Component Designator: OldDesignator=TP4 NewDesignator=TP3
Change Component Designator: OldDesignator=TP7 NewDesignator=TP4
Change Component Designator: OldDesignator=U1 NewDesignator=U5
Change Component Designator: OldDesignator=U10 NewDesignator=U1
Change Net Name : Old Net Name=Net*_7 New Net Name=Net*1_7
Change Net Name : Old Net Name=Net*_8 New Net Name=Net*1_8
Change Net Name : Old Net Name=NetC33_2 New Net Name=NetC38_2
Change Net Name : Old Net Name=NetC36_2 New Net Name=NetC22_2
Change Net Name : Old Net Name=NetC37_2 New Net Name=NetC23_2
Change Net Name : Old Net Name=NetC39_2 New Net Name=NetC19_2
Change Net Name : Old Net Name=NetJ1_7 New Net Name=NetJ3_7
Change Net Name : Old Net Name=NetJ1_8 New Net Name=NetJ3_8
Change Net Name : Old Net Name=NetJ2_1 New Net Name=NetJ5_1
Change Net Name : Old Net Name=NetJ2_3 New Net Name=NetJ5_3
Change Net Name : Old Net Name=NetJ2_5 New Net Name=NetJ5_5
Change Net Name : Old Net Name=NetJ2_7 New Net Name=NetJ5_7
Change Net Name : Old Net Name=NetJ2_8 New Net Name=NetJ5_8
Change Net Name : Old Net Name=NetJ3_A8 New Net Name=NetJ2_A8
Change Net Name : Old Net Name=NetJ3_B8 New Net Name=NetJ2_B8
Change Net Name : Old Net Name=NetJ13_2 New Net Name=NetJ4_2
Change Net Name : Old Net Name=NetLED4_1 New Net Name=NetLED3_1
Change Net Name : Old Net Name=NetR3_1 New Net Name=NetR8_2
Change Net Name : Old Net Name=NetR5_1 New Net Name=NetR12_1
Change Net Name : Old Net Name=NetR6_1 New Net Name=NetR10_1
Change Net Name : Old Net Name=NetR7_1 New Net Name=NetR11_1
Change Net Name : Old Net Name=NetR15_1 New Net Name=NetR16_1
Change Net Name : Old Net Name=NetR16_1 New Net Name=NetR17_1
Change Net Name : Old Net Name=NetR18_2 New Net Name=NetR1_2
Change Net Name : Old Net Name=NetR19_2 New Net Name=NetR2_2
Change Net Name : Old Net Name=NetR20_2 New Net Name=NetR3_2
Change Net Name : Old Net Name=NetR21_2 New Net Name=NetR4_2
Change Net Name : Old Net Name=NetR22_2 New Net Name=NetR5_2
Change Net Name : Old Net Name=NetR38_1 New Net Name=NetR31_1
Change Net Name : Old Net Name=NetRH_1 New Net Name=NetRH1_1
Change Net Name : Old Net Name=NetRILIM_2 New Net Name=NetRILIM1_2
Change Net Name : Old Net Name=NetRISET_2 New Net Name=NetRISET1_2
Change Net Name : Old Net Name=NetROLM_2 New Net Name=NetROLM1_2
Change Net Name : Old Net Name=NetU1_25 New Net Name=NetU3_16
Change Net Name : Old Net Name=NetU1_26 New Net Name=NetU3_14
Change Net Name : Old Net Name=NetU1_27 New Net Name=NetU3_1
Added Member To Class: ClassName=POWER_BATT_REV2 Member=Component C15 CAP/1206
Added Member To Class: ClassName=ARCADE_BUTTONS Member=Component C41 0.1uF
Added Member To Class: ClassName=ARCADE_BUTTONS Member=Component J8 2.8mm Terminal
