Added Component: Designator=C12(CAPC1005X55N)
Add component (AddParameter): Name = "Arrow Part Number"; Value = "CL05B104KA5NNNC"; VariantName = "[No Variations]"
Add component (AddParameter): Name = "Arrow Price/Stock"; Value = "https://www.arrow.com/en/products/cl05b104ka5nnnc/samsung-electro-mechanics?region=nac"; VariantName = "[No Variations]"
Add component (AddParameter): Name = "Datasheet Link"; Value = "https://datasheet.datasheetarchive.com/originals/distributors/DKDS-19/372989.pdf"; VariantName = "[No Variations]"
Add component (AddParameter): Name = "Height"; Value = "0.55mm"; VariantName = "[No Variations]"
Add component (AddParameter): Name = "Manufacturer_Name"; Value = "SAMSUNG"; VariantName = "[No Variations]"
Add component (AddParameter): Name = "Manufacturer_Part_Number"; Value = "CL05B104KA5NNNC"; VariantName = "[No Variations]"
Add component (AddParameter): Name = "Mouser Part Number"; Value = "187-CL05B104KA5NNNC"; VariantName = "[No Variations]"
Add component (AddParameter): Name = "Mouser Price/Stock"; Value = "https://www.mouser.co.uk/ProductDetail/Samsung-Electro-Mechanics/CL05B104KA5NNNC?qs=Efv9o2T6U88DLyyMSzjXSQ%3D%3D"; VariantName = "[No Variations]"
Add component (AddParameter): Name = "Parameter 1"; Value = "Capacitor CAP CER 0.1UF 25V X7R 0402 CL05B104KA5NNNC"; VariantName = "[No Variations]"
Added Component: Designator=C13(CAPC1005X55N)
Add component (AddParameter): Name = "Arrow Part Number"; Value = "CL05B104KA5NNNC"; VariantName = "[No Variations]"
Add component (AddParameter): Name = "Arrow Price/Stock"; Value = "https://www.arrow.com/en/products/cl05b104ka5nnnc/samsung-electro-mechanics?region=nac"; VariantName = "[No Variations]"
Add component (AddParameter): Name = "Datasheet Link"; Value = "https://datasheet.datasheetarchive.com/originals/distributors/DKDS-19/372989.pdf"; VariantName = "[No Variations]"
Add component (AddParameter): Name = "Height"; Value = "0.55mm"; VariantName = "[No Variations]"
Add component (AddParameter): Name = "Manufacturer_Name"; Value = "SAMSUNG"; VariantName = "[No Variations]"
Add component (AddParameter): Name = "Manufacturer_Part_Number"; Value = "CL05B104KA5NNNC"; VariantName = "[No Variations]"
Add component (AddParameter): Name = "Mouser Part Number"; Value = "187-CL05B104KA5NNNC"; VariantName = "[No Variations]"
Add component (AddParameter): Name = "Mouser Price/Stock"; Value = "https://www.mouser.co.uk/ProductDetail/Samsung-Electro-Mechanics/CL05B104KA5NNNC?qs=Efv9o2T6U88DLyyMSzjXSQ%3D%3D"; VariantName = "[No Variations]"
Add component (AddParameter): Name = "Parameter 1"; Value = "Capacitor CAP CER 0.1UF 25V X7R 0402 CL05B104KA5NNNC"; VariantName = "[No Variations]"
Added Component: Designator=C14(WCAP-ATG5_D5H11)
Add component (AddParameter): Name = "Capacitance"; Value = "4.7µF"; VariantName = "[No Variations]"
Add component (AddParameter): Name = "Case/Package"; Value = "Radial"; VariantName = "[No Variations]"
Add component (AddParameter): Name = "Diameter"; Value = "5mm"; VariantName = "[No Variations]"
Add component (AddParameter): Name = "Height"; Value = "11mm"; VariantName = "[No Variations]"
Add component (AddParameter): Name = "Height - Seated (Max)"; Value = "12.4968mm"; VariantName = "[No Variations]"
Add component (AddParameter): Name = "Lead Pitch"; Value = "2.0066mm"; VariantName = "[No Variations]"
Add component (AddParameter): Name = "Leakage Current"; Value = "3µA"; VariantName = "[No Variations]"
Add component (AddParameter): Name = "Length"; Value = "11mm"; VariantName = "[No Variations]"
Add component (AddParameter): Name = "Life (Hours)"; Value = "2000hours"; VariantName = "[No Variations]"
Add component (AddParameter): Name = "Max Operating Temperature"; Value = "105°C"; VariantName = "[No Variations]"
Add component (AddParameter): Name = "Min Operating Temperature"; Value = "-40°C"; VariantName = "[No Variations]"
Add component (AddParameter): Name = "Mount"; Value = "Through Hole"; VariantName = "[No Variations]"
Add component (AddParameter): Name = "NexarPartId"; Value = "53914231"; VariantName = "[No Variations]"
Add component (AddParameter): Name = "Packaging"; Value = "Tape & Box (TB)"; VariantName = "[No Variations]"
Add component (AddParameter): Name = "Pitch"; Value = "2mm"; VariantName = "[No Variations]"
Add component (AddParameter): Name = "Polarity"; Value = "Polar"; VariantName = "[No Variations]"
Add component (AddParameter): Name = "REACH SVHC"; Value = "Unknown"; VariantName = "[No Variations]"
Add component (AddParameter): Name = "Ripple Current"; Value = "32mA"; VariantName = "[No Variations]"
Add component (AddParameter): Name = "RoHS"; Value = "Compliant"; VariantName = "[No Variations]"
Add component (AddParameter): Name = "Tolerance"; Value = "20%"; VariantName = "[No Variations]"
Add component (AddParameter): Name = "Voltage Rating"; Value = "50V"; VariantName = "[No Variations]"
Add component (AddParameter): Name = "Voltage Rating (DC)"; Value = "50V"; VariantName = "[No Variations]"
Added Component: Designator=C15(CAPC1005X55N)
Add component (AddParameter): Name = "Arrow Part Number"; Value = "CL05B104KA5NNNC"; VariantName = "[No Variations]"
Add component (AddParameter): Name = "Arrow Price/Stock"; Value = "https://www.arrow.com/en/products/cl05b104ka5nnnc/samsung-electro-mechanics?region=nac"; VariantName = "[No Variations]"
Add component (AddParameter): Name = "Datasheet Link"; Value = "https://datasheet.datasheetarchive.com/originals/distributors/DKDS-19/372989.pdf"; VariantName = "[No Variations]"
Add component (AddParameter): Name = "Height"; Value = "0.55mm"; VariantName = "[No Variations]"
Add component (AddParameter): Name = "Manufacturer_Name"; Value = "SAMSUNG"; VariantName = "[No Variations]"
Add component (AddParameter): Name = "Manufacturer_Part_Number"; Value = "CL05B104KA5NNNC"; VariantName = "[No Variations]"
Add component (AddParameter): Name = "Mouser Part Number"; Value = "187-CL05B104KA5NNNC"; VariantName = "[No Variations]"
Add component (AddParameter): Name = "Mouser Price/Stock"; Value = "https://www.mouser.co.uk/ProductDetail/Samsung-Electro-Mechanics/CL05B104KA5NNNC?qs=Efv9o2T6U88DLyyMSzjXSQ%3D%3D"; VariantName = "[No Variations]"
Add component (AddParameter): Name = "Parameter 1"; Value = "Capacitor CAP CER 0.1UF 25V X7R 0402 CL05B104KA5NNNC"; VariantName = "[No Variations]"
Added Component: Designator=C16(CAPC1005X55N)
Add component (AddParameter): Name = "Arrow Part Number"; Value = "CL05B104KA5NNNC"; VariantName = "[No Variations]"
Add component (AddParameter): Name = "Arrow Price/Stock"; Value = "https://www.arrow.com/en/products/cl05b104ka5nnnc/samsung-electro-mechanics?region=nac"; VariantName = "[No Variations]"
Add component (AddParameter): Name = "Datasheet Link"; Value = "https://datasheet.datasheetarchive.com/originals/distributors/DKDS-19/372989.pdf"; VariantName = "[No Variations]"
Add component (AddParameter): Name = "Height"; Value = "0.55mm"; VariantName = "[No Variations]"
Add component (AddParameter): Name = "Manufacturer_Name"; Value = "SAMSUNG"; VariantName = "[No Variations]"
Add component (AddParameter): Name = "Manufacturer_Part_Number"; Value = "CL05B104KA5NNNC"; VariantName = "[No Variations]"
Add component (AddParameter): Name = "Mouser Part Number"; Value = "187-CL05B104KA5NNNC"; VariantName = "[No Variations]"
Add component (AddParameter): Name = "Mouser Price/Stock"; Value = "https://www.mouser.co.uk/ProductDetail/Samsung-Electro-Mechanics/CL05B104KA5NNNC?qs=Efv9o2T6U88DLyyMSzjXSQ%3D%3D"; VariantName = "[No Variations]"
Add component (AddParameter): Name = "Parameter 1"; Value = "Capacitor CAP CER 0.1UF 25V X7R 0402 CL05B104KA5NNNC"; VariantName = "[No Variations]"
Added Component: Designator=C17(CAPC1005X55N)
Add component (AddParameter): Name = "Arrow Part Number"; Value = "CL05B104KA5NNNC"; VariantName = "[No Variations]"
Add component (AddParameter): Name = "Arrow Price/Stock"; Value = "https://www.arrow.com/en/products/cl05b104ka5nnnc/samsung-electro-mechanics?region=nac"; VariantName = "[No Variations]"
Add component (AddParameter): Name = "Datasheet Link"; Value = "https://datasheet.datasheetarchive.com/originals/distributors/DKDS-19/372989.pdf"; VariantName = "[No Variations]"
Add component (AddParameter): Name = "Height"; Value = "0.55mm"; VariantName = "[No Variations]"
Add component (AddParameter): Name = "Manufacturer_Name"; Value = "SAMSUNG"; VariantName = "[No Variations]"
Add component (AddParameter): Name = "Manufacturer_Part_Number"; Value = "CL05B104KA5NNNC"; VariantName = "[No Variations]"
Add component (AddParameter): Name = "Mouser Part Number"; Value = "187-CL05B104KA5NNNC"; VariantName = "[No Variations]"
Add component (AddParameter): Name = "Mouser Price/Stock"; Value = "https://www.mouser.co.uk/ProductDetail/Samsung-Electro-Mechanics/CL05B104KA5NNNC?qs=Efv9o2T6U88DLyyMSzjXSQ%3D%3D"; VariantName = "[No Variations]"
Add component (AddParameter): Name = "Parameter 1"; Value = "Capacitor CAP CER 0.1UF 25V X7R 0402 CL05B104KA5NNNC"; VariantName = "[No Variations]"
Added Component: Designator=C18(CAPC1608X90N)
Add component (AddParameter): Name = "Arrow Part Number"; Value = "CL10B105KA8NNNC"; VariantName = "[No Variations]"
Add component (AddParameter): Name = "Arrow Price/Stock"; Value = "https://www.arrow.com/en/products/cl10b105ka8nnnc/samsung-electro-mechanics?region=nac"; VariantName = "[No Variations]"
Add component (AddParameter): Name = "Datasheet Link"; Value = "https://datasheet.datasheetarchive.com/originals/distributors/Datasheets-DGA10/2410489.pdf"; VariantName = "[No Variations]"
Add component (AddParameter): Name = "Height"; Value = "0.9mm"; VariantName = "[No Variations]"
Add component (AddParameter): Name = "Manufacturer_Name"; Value = "SAMSUNG"; VariantName = "[No Variations]"
Add component (AddParameter): Name = "Manufacturer_Part_Number"; Value = "CL10B105KA8NNNC"; VariantName = "[No Variations]"
Add component (AddParameter): Name = "Mouser Part Number"; Value = "187-CL10B105KA8NNNC"; VariantName = "[No Variations]"
Add component (AddParameter): Name = "Mouser Price/Stock"; Value = "https://www.mouser.co.uk/ProductDetail/Samsung-Electro-Mechanics/CL10B105KA8NNNC?qs=349EhDEZ59qp%252BMgnTol5Nw%3D%3D"; VariantName = "[No Variations]"
Add component (AddParameter): Name = "Parameter 1"; Value = "1 µF ±10% 25V Ceramic Capacitor X7R 0603 (1608 Metric)"; VariantName = "[No Variations]"
Added Component: Designator=C19(CAPC1005X55N)
Add component (AddParameter): Name = "Arrow Part Number"; Value = "CL05B104KA5NNNC"; VariantName = "[No Variations]"
Add component (AddParameter): Name = "Arrow Price/Stock"; Value = "https://www.arrow.com/en/products/cl05b104ka5nnnc/samsung-electro-mechanics?region=nac"; VariantName = "[No Variations]"
Add component (AddParameter): Name = "Datasheet Link"; Value = "https://datasheet.datasheetarchive.com/originals/distributors/DKDS-19/372989.pdf"; VariantName = "[No Variations]"
Add component (AddParameter): Name = "Height"; Value = "0.55mm"; VariantName = "[No Variations]"
Add component (AddParameter): Name = "Manufacturer_Name"; Value = "SAMSUNG"; VariantName = "[No Variations]"
Add component (AddParameter): Name = "Manufacturer_Part_Number"; Value = "CL05B104KA5NNNC"; VariantName = "[No Variations]"
Add component (AddParameter): Name = "Mouser Part Number"; Value = "187-CL05B104KA5NNNC"; VariantName = "[No Variations]"
Add component (AddParameter): Name = "Mouser Price/Stock"; Value = "https://www.mouser.co.uk/ProductDetail/Samsung-Electro-Mechanics/CL05B104KA5NNNC?qs=Efv9o2T6U88DLyyMSzjXSQ%3D%3D"; VariantName = "[No Variations]"
Add component (AddParameter): Name = "Parameter 1"; Value = "Capacitor CAP CER 0.1UF 25V X7R 0402 CL05B104KA5NNNC"; VariantName = "[No Variations]"
Added Component: Designator=J1(322010010000)
Add component (AddParameter): Name = "Arrow Part Number"; Value = "3220-10-0100-00"; VariantName = "[No Variations]"
Add component (AddParameter): Name = "Arrow Price/Stock"; Value = "https://www.arrow.com/en/products/3220-10-0100-00/cnc-tech-llc?utm_currency=USD&region=nac"; VariantName = "[No Variations]"
Add component (AddParameter): Name = "Datasheet Link"; Value = "https://datasheet.datasheetarchive.com/originals/dk/DKDS-7/133059.pdf"; VariantName = "[No Variations]"
Add component (AddParameter): Name = "Height"; Value = "5.6mm"; VariantName = "[No Variations]"
Add component (AddParameter): Name = "Manufacturer_Name"; Value = "CNC Tech"; VariantName = "[No Variations]"
Add component (AddParameter): Name = "Manufacturer_Part_Number"; Value = "3220-10-0100-00"; VariantName = "[No Variations]"
Add component (AddParameter): Name = "Mouser Part Number"; Value = ""; VariantName = "[No Variations]"
Add component (AddParameter): Name = "Mouser Price/Stock"; Value = ""; VariantName = "[No Variations]"
Add Component: Footprint Not Found SD CARD
Added Component: Designator=J?(FP-USB4105-GF-A-MFG)
Add component (AddParameter): Name = "Automotive"; Value = "No"; VariantName = "[No Variations]"
Add component (AddParameter): Name = "Category"; Value = "Conn"; VariantName = "[No Variations]"
Add component (AddParameter): Name = "ComponentLink2Description"; Value = "Datasheet"; VariantName = "[No Variations]"
Add component (AddParameter): Name = "ComponentLink2URL"; Value = "https://gct.co/files/drawings/usb4105.pdf"; VariantName = "[No Variations]"
Add component (AddParameter): Name = "Conn Orientation"; Value = "Right Angle"; VariantName = "[No Variations]"
Add component (AddParameter): Name = "Contact Material"; Value = "Gold,Nickel"; VariantName = "[No Variations]"
Add component (AddParameter): Name = "Current Rating"; Value = "5/6.25/1.25/0.25A"; VariantName = "[No Variations]"
Add component (AddParameter): Name = "Device Class L1"; Value = "Connectors"; VariantName = "[No Variations]"
Add component (AddParameter): Name = "Device Class L2"; Value = "USB Connectors"; VariantName = "[No Variations]"
Add component (AddParameter): Name = "Device Class L3"; Value = "unset"; VariantName = "[No Variations]"
Add component (AddParameter): Name = "Digikey Description"; Value = "CONN RCPT USB2.0 TYPEC 5A"; VariantName = "[No Variations]"
Add component (AddParameter): Name = "Height"; Value = "3.46mm"; VariantName = "[No Variations]"
Add component (AddParameter): Name = "Is Female"; Value = "yes"; VariantName = "[No Variations]"
Add component (AddParameter): Name = "Lead Free"; Value = "Yes"; VariantName = "[No Variations]"
Add component (AddParameter): Name = "Manufacturer"; Value = "GCT"; VariantName = "[No Variations]"
Add component (AddParameter): Name = "Manufacturer Part Number"; Value = "USB4105-GF-A"; VariantName = "[No Variations]"
Add component (AddParameter): Name = "Number Of Contacts"; Value = "16"; VariantName = "[No Variations]"
Add component (AddParameter): Name = "Octopart"; Value = "https://octopart.com/usb4105-gf-a-gct-106627878"; VariantName = "[No Variations]"
Add component (AddParameter): Name = "Package"; Value = "0"; VariantName = "[No Variations]"
Add component (AddParameter): Name = "RoHS"; Value = "TRUE"; VariantName = "[No Variations]"
Add component (AddParameter): Name = "Temperature"; Value = "-40°C to +85°C"; VariantName = "[No Variations]"
Add component (AddParameter): Name = "Temperature Range High"; Value = "+85°C"; VariantName = "[No Variations]"
Add component (AddParameter): Name = "Temperature Range Low"; Value = "-40°C"; VariantName = "[No Variations]"
Add component (AddParameter): Name = "Usb Standard"; Value = "USB 2.0"; VariantName = "[No Variations]"
Add component (AddParameter): Name = "Voltage Rating"; Value = "20V"; VariantName = "[No Variations]"
Added Component: Designator=LED4(LEDC2012X90N)
Add component (AddParameter): Name = "Arrow Part Number"; Value = ""; VariantName = "[No Variations]"
Add component (AddParameter): Name = "Arrow Price/Stock"; Value = ""; VariantName = "[No Variations]"
Add component (AddParameter): Name = "Datasheet Link"; Value = "https://www.farnell.com/datasheets/2861594.pdf"; VariantName = "[No Variations]"
Add component (AddParameter): Name = "Height"; Value = "0.9mm"; VariantName = "[No Variations]"
Add component (AddParameter): Name = "Manufacturer_Name"; Value = "Multicomp Pro"; VariantName = "[No Variations]"
Add component (AddParameter): Name = "Manufacturer_Part_Number"; Value = "MCL-S270SRC"; VariantName = "[No Variations]"
Add component (AddParameter): Name = "Mouser Part Number"; Value = ""; VariantName = "[No Variations]"
Add component (AddParameter): Name = "Mouser Price/Stock"; Value = ""; VariantName = "[No Variations]"
Added Component: Designator=P1(61300211121)
Add component (AddParameter): Name = "Color"; Value = "Black"; VariantName = "[No Variations]"
Add component (AddParameter): Name = "Connector Type"; Value = "Male Pin"; VariantName = "[No Variations]"
Add component (AddParameter): Name = "Contact Gender"; Value = "Male"; VariantName = "[No Variations]"
Add component (AddParameter): Name = "Contact Material"; Value = "Copper"; VariantName = "[No Variations]"
Add component (AddParameter): Name = "Contact Mating Length"; Value = "5.9944mm"; VariantName = "[No Variations]"
Add component (AddParameter): Name = "Contact Plating"; Value = "Gold"; VariantName = "[No Variations]"
Add component (AddParameter): Name = "Contact Resistance"; Value = "20mO"; VariantName = "[No Variations]"
Add component (AddParameter): Name = "Current Rating"; Value = "3A"; VariantName = "[No Variations]"
Add component (AddParameter): Name = "Gender"; Value = "Male"; VariantName = "[No Variations]"
Add component (AddParameter): Name = "Height"; Value = "8.94mm"; VariantName = "[No Variations]"
Add component (AddParameter): Name = "Housing Material"; Value = "PBT"; VariantName = "[No Variations]"
Add component (AddParameter): Name = "Lead Free"; Value = "Lead Free"; VariantName = "[No Variations]"
Add component (AddParameter): Name = "Lead Pitch"; Value = "2.54mm"; VariantName = "[No Variations]"
Add component (AddParameter): Name = "Max Operating Temperature"; Value = "125°C"; VariantName = "[No Variations]"
Add component (AddParameter): Name = "Min Operating Temperature"; Value = "-40°C"; VariantName = "[No Variations]"
Add component (AddParameter): Name = "Mount"; Value = "Through Hole"; VariantName = "[No Variations]"
Add component (AddParameter): Name = "NexarPartId"; Value = "20081794"; VariantName = "[No Variations]"
Add component (AddParameter): Name = "Number of Contacts"; Value = "2"; VariantName = "[No Variations]"
Add component (AddParameter): Name = "Number of Pins"; Value = "2"; VariantName = "[No Variations]"
Add component (AddParameter): Name = "Number of Positions"; Value = "2"; VariantName = "[No Variations]"
Add component (AddParameter): Name = "Number of Rows"; Value = "1"; VariantName = "[No Variations]"
Add component (AddParameter): Name = "Operating Supply Voltage"; Value = "250V"; VariantName = "[No Variations]"
Add component (AddParameter): Name = "Orientation"; Value = "Vertical"; VariantName = "[No Variations]"
Add component (AddParameter): Name = "Packaging"; Value = "Bulk"; VariantName = "[No Variations]"
Add component (AddParameter): Name = "Pitch"; Value = "2.54mm"; VariantName = "[No Variations]"
Add component (AddParameter): Name = "REACH SVHC"; Value = "No SVHC"; VariantName = "[No Variations]"
Add component (AddParameter): Name = "RoHS"; Value = "Compliant"; VariantName = "[No Variations]"
Add component (AddParameter): Name = "Termination"; Value = "Through Hole"; VariantName = "[No Variations]"
Add component (AddParameter): Name = "Voltage Rating"; Value = "250V"; VariantName = "[No Variations]"
Added Component: Designator=P2(61300211121)
Add component (AddParameter): Name = "Color"; Value = "Black"; VariantName = "[No Variations]"
Add component (AddParameter): Name = "Connector Type"; Value = "Male Pin"; VariantName = "[No Variations]"
Add component (AddParameter): Name = "Contact Gender"; Value = "Male"; VariantName = "[No Variations]"
Add component (AddParameter): Name = "Contact Material"; Value = "Copper"; VariantName = "[No Variations]"
Add component (AddParameter): Name = "Contact Mating Length"; Value = "5.9944mm"; VariantName = "[No Variations]"
Add component (AddParameter): Name = "Contact Plating"; Value = "Gold"; VariantName = "[No Variations]"
Add component (AddParameter): Name = "Contact Resistance"; Value = "20mO"; VariantName = "[No Variations]"
Add component (AddParameter): Name = "Current Rating"; Value = "3A"; VariantName = "[No Variations]"
Add component (AddParameter): Name = "Gender"; Value = "Male"; VariantName = "[No Variations]"
Add component (AddParameter): Name = "Height"; Value = "8.94mm"; VariantName = "[No Variations]"
Add component (AddParameter): Name = "Housing Material"; Value = "PBT"; VariantName = "[No Variations]"
Add component (AddParameter): Name = "Lead Free"; Value = "Lead Free"; VariantName = "[No Variations]"
Add component (AddParameter): Name = "Lead Pitch"; Value = "2.54mm"; VariantName = "[No Variations]"
Add component (AddParameter): Name = "Max Operating Temperature"; Value = "125°C"; VariantName = "[No Variations]"
Add component (AddParameter): Name = "Min Operating Temperature"; Value = "-40°C"; VariantName = "[No Variations]"
Add component (AddParameter): Name = "Mount"; Value = "Through Hole"; VariantName = "[No Variations]"
Add component (AddParameter): Name = "NexarPartId"; Value = "20081794"; VariantName = "[No Variations]"
Add component (AddParameter): Name = "Number of Contacts"; Value = "2"; VariantName = "[No Variations]"
Add component (AddParameter): Name = "Number of Pins"; Value = "2"; VariantName = "[No Variations]"
Add component (AddParameter): Name = "Number of Positions"; Value = "2"; VariantName = "[No Variations]"
Add component (AddParameter): Name = "Number of Rows"; Value = "1"; VariantName = "[No Variations]"
Add component (AddParameter): Name = "Operating Supply Voltage"; Value = "250V"; VariantName = "[No Variations]"
Add component (AddParameter): Name = "Orientation"; Value = "Vertical"; VariantName = "[No Variations]"
Add component (AddParameter): Name = "Packaging"; Value = "Bulk"; VariantName = "[No Variations]"
Add component (AddParameter): Name = "Pitch"; Value = "2.54mm"; VariantName = "[No Variations]"
Add component (AddParameter): Name = "REACH SVHC"; Value = "No SVHC"; VariantName = "[No Variations]"
Add component (AddParameter): Name = "RoHS"; Value = "Compliant"; VariantName = "[No Variations]"
Add component (AddParameter): Name = "Termination"; Value = "Through Hole"; VariantName = "[No Variations]"
Add component (AddParameter): Name = "Voltage Rating"; Value = "250V"; VariantName = "[No Variations]"
Added Component: Designator=R8(RESC1608X55N)
Add component (AddParameter): Name = "Arrow Part Number"; Value = "ERJPA3F30R0V"; VariantName = "[No Variations]"
Add component (AddParameter): Name = "Arrow Price/Stock"; Value = "https://www.arrow.com/en/products/erj-pa3f30r0v/panasonic"; VariantName = "[No Variations]"
Add component (AddParameter): Name = "Datasheet Link"; Value = "https://industrial.panasonic.com/cdbs/www-data/pdf/RDA0000/AOA0000C243.pdf"; VariantName = "[No Variations]"
Add component (AddParameter): Name = "Height"; Value = "0.55mm"; VariantName = "[No Variations]"
Add component (AddParameter): Name = "Manufacturer_Name"; Value = "Panasonic"; VariantName = "[No Variations]"
Add component (AddParameter): Name = "Manufacturer_Part_Number"; Value = "ERJPA3F30R0V"; VariantName = "[No Variations]"
Add component (AddParameter): Name = "Mouser Part Number"; Value = ""; VariantName = "[No Variations]"
Add component (AddParameter): Name = "Mouser Price/Stock"; Value = ""; VariantName = "[No Variations]"
Add component (AddParameter): Name = "Parameter 1"; Value = "Resistor ERJPA3F30R0V 30 Ohms ±1% 0.333W, 1/3W Chip Resistor 0603 (1608 Metric) Automotive AEC-Q200, Pulse Withstanding Thick Film"; VariantName = "[No Variations]"
Added Component: Designator=R12(RESC1608X55N)
Add component (AddParameter): Name = "Arrow Part Number"; Value = "ERJPA3F30R0V"; VariantName = "[No Variations]"
Add component (AddParameter): Name = "Arrow Price/Stock"; Value = "https://www.arrow.com/en/products/erj-pa3f30r0v/panasonic"; VariantName = "[No Variations]"
Add component (AddParameter): Name = "Datasheet Link"; Value = "https://industrial.panasonic.com/cdbs/www-data/pdf/RDA0000/AOA0000C243.pdf"; VariantName = "[No Variations]"
Add component (AddParameter): Name = "Height"; Value = "0.55mm"; VariantName = "[No Variations]"
Add component (AddParameter): Name = "Manufacturer_Name"; Value = "Panasonic"; VariantName = "[No Variations]"
Add component (AddParameter): Name = "Manufacturer_Part_Number"; Value = "ERJPA3F30R0V"; VariantName = "[No Variations]"
Add component (AddParameter): Name = "Mouser Part Number"; Value = ""; VariantName = "[No Variations]"
Add component (AddParameter): Name = "Mouser Price/Stock"; Value = ""; VariantName = "[No Variations]"
Add component (AddParameter): Name = "Parameter 1"; Value = "Resistor ERJPA3F30R0V 30 Ohms ±1% 0.333W, 1/3W Chip Resistor 0603 (1608 Metric) Automotive AEC-Q200, Pulse Withstanding Thick Film"; VariantName = "[No Variations]"
Added Component: Designator=R13(FP-CRCW0805-e3-IPC_B)
Add component (AddParameter): Name = "Case Code (Imperial)"; Value = "0805"; VariantName = "[No Variations]"
Add component (AddParameter): Name = "Case Code (Metric)"; Value = "2012"; VariantName = "[No Variations]"
Add component (AddParameter): Name = "Case/Package"; Value = "0805"; VariantName = "[No Variations]"
Add component (AddParameter): Name = "Composition"; Value = "Thick Film"; VariantName = "[No Variations]"
Add component (AddParameter): Name = "Contact Plating"; Value = "Tin"; VariantName = "[No Variations]"
Add component (AddParameter): Name = "Depth"; Value = "1.25mm"; VariantName = "[No Variations]"
Add component (AddParameter): Name = "Features"; Value = "Automotive AEC-Q200"; VariantName = "[No Variations]"
Add component (AddParameter): Name = "Height"; Value = "0.45mm"; VariantName = "[No Variations]"
Add component (AddParameter): Name = "Lead Free"; Value = "Lead Free"; VariantName = "[No Variations]"
Add component (AddParameter): Name = "Length"; Value = "2mm"; VariantName = "[No Variations]"
Add component (AddParameter): Name = "Max Operating Temperature"; Value = "155°C"; VariantName = "[No Variations]"
Add component (AddParameter): Name = "Max Power Dissipation"; Value = "125mW"; VariantName = "[No Variations]"
Add component (AddParameter): Name = "Military Standard"; Value = "Not"; VariantName = "[No Variations]"
Add component (AddParameter): Name = "Min Operating Temperature"; Value = "-55°C"; VariantName = "[No Variations]"
Add component (AddParameter): Name = "Mount"; Value = "Surface Mount"; VariantName = "[No Variations]"
Add component (AddParameter): Name = "Number of Terminations"; Value = "2"; VariantName = "[No Variations]"
Add component (AddParameter): Name = "Package Quantity"; Value = "10"; VariantName = "[No Variations]"
Add component (AddParameter): Name = "Packaging"; Value = "Tape and Reel"; VariantName = "[No Variations]"
Add component (AddParameter): Name = "Power Rating"; Value = "125mW"; VariantName = "[No Variations]"
Add component (AddParameter): Name = "Radiation Hardening"; Value = "No"; VariantName = "[No Variations]"
Add component (AddParameter): Name = "Resistance"; Value = "510R"; VariantName = "[No Variations]"
Add component (AddParameter): Name = "Temperature Coefficient"; Value = "100ppm/°C"; VariantName = "[No Variations]"
Add component (AddParameter): Name = "Termination"; Value = "SMD/SMT"; VariantName = "[No Variations]"
Add component (AddParameter): Name = "Tolerance"; Value = "1%"; VariantName = "[No Variations]"
Add component (AddParameter): Name = "Voltage Rating"; Value = "150V"; VariantName = "[No Variations]"
Add component (AddParameter): Name = "Voltage Rating (DC)"; Value = "150V"; VariantName = "[No Variations]"
Add component (AddParameter): Name = "Weight"; Value = "0.000194oz"; VariantName = "[No Variations]"
Add component (AddParameter): Name = "Width"; Value = "0.049inch"; VariantName = "[No Variations]"
Added Component: Designator=R14(RESC2012X60N)
Add component (AddParameter): Name = "Arrow Part Number"; Value = "RC0805JR-0710KL"; VariantName = "[No Variations]"
Add component (AddParameter): Name = "Arrow Price/Stock"; Value = "https://www.arrow.com/en/products/rc0805jr-0710kl/yageo?region=nac"; VariantName = "[No Variations]"
Add component (AddParameter): Name = "Datasheet Link"; Value = "https://componentsearchengine.com/Datasheets/2/RC0805JR-0710KL.pdf"; VariantName = "[No Variations]"
Add component (AddParameter): Name = "Height"; Value = "0.6mm"; VariantName = "[No Variations]"
Add component (AddParameter): Name = "Manufacturer_Name"; Value = "YAGEO"; VariantName = "[No Variations]"
Add component (AddParameter): Name = "Manufacturer_Part_Number"; Value = "RC0805JR-0710KL"; VariantName = "[No Variations]"
Add component (AddParameter): Name = "Mouser Part Number"; Value = "603-RC0805JR-0710KL"; VariantName = "[No Variations]"
Add component (AddParameter): Name = "Mouser Price/Stock"; Value = "https://www.mouser.co.uk/ProductDetail/YAGEO/RC0805JR-0710KL?qs=ZFGQJeMQzF5q%2Fp77vM%2FrVQ%3D%3D"; VariantName = "[No Variations]"
Add Component: Footprint Not Found SURFM RESISTOR
Add Component: Footprint Not Found SOLDER BRIDGE OPEN SMALL
Add Component: Footprint Not Found SOLDER BRIDGE OPEN SMALL
Add Component: Footprint Not Found CONN/2MM
Add Component: Footprint Not Found CONN/2MM
Add Component: Footprint Not Found CONN/1MM
Add Component: Footprint Not Found CONN/1MM
Add Component: Footprint Not Found CONN/2MM
Add Component: Footprint Not Found CONN/1MM
Add Component: Footprint Not Found CONN/2MM
Add Component: Footprint Not Found CONN/1MM
Add Component: Footprint Not Found CONN/2MM
Add Component: Footprint Not Found CONN/1MM
Added Component: Designator=U1(FP-LQFP48-5B-MFG)
Add component (AddParameter): Name = "Ambient Temperature Range High"; Value = "+85°C"; VariantName = "[No Variations]"
Add component (AddParameter): Name = "Ambient Temperature Range Low"; Value = "-40°C"; VariantName = "[No Variations]"
Add component (AddParameter): Name = "Automotive"; Value = "No"; VariantName = "[No Variations]"
Add component (AddParameter): Name = "Category"; Value = "IC"; VariantName = "[No Variations]"
Add component (AddParameter): Name = "ComponentLink2Description"; Value = "Datasheet"; VariantName = "[No Variations]"
Add component (AddParameter): Name = "ComponentLink2URL"; Value = "https://www.st.com/resource/en/datasheet/stm32l433cc.pdf"; VariantName = "[No Variations]"
Add component (AddParameter): Name = "Core Architecture"; Value = "Arm Cortex-M4"; VariantName = "[No Variations]"
Add component (AddParameter): Name = "Data Bus Width"; Value = "32bits"; VariantName = "[No Variations]"
Add component (AddParameter): Name = "Device Class L1"; Value = "Integrated Circuits (ICs)"; VariantName = "[No Variations]"
Add component (AddParameter): Name = "Device Class L2"; Value = "Embedded Processors and Controllers"; VariantName = "[No Variations]"
Add component (AddParameter): Name = "Device Class L3"; Value = "Microcontrollers"; VariantName = "[No Variations]"
Add component (AddParameter): Name = "Digikey Description"; Value = "IC MCU 32BIT 256KB FLASH 48LQFP"; VariantName = "[No Variations]"
Add component (AddParameter): Name = "Frequency"; Value = "80MHz"; VariantName = "[No Variations]"
Add component (AddParameter): Name = "Height"; Value = "1.6mm"; VariantName = "[No Variations]"
Add component (AddParameter): Name = "Interface"; Value = "I2C,SPI,UART,USART,CAN,USB,LIN,IrDA,SMBus,Other"; VariantName = "[No Variations]"
Add component (AddParameter): Name = "Ipc Land Pattern Name"; Value = "QFP50P900X900X160-48"; VariantName = "[No Variations]"
Add component (AddParameter): Name = "Lead Free"; Value = "Yes"; VariantName = "[No Variations]"
Add component (AddParameter): Name = "Manufacturer"; Value = "STMicroelectronics"; VariantName = "[No Variations]"
Add component (AddParameter): Name = "Manufacturer Part Number"; Value = "STM32L433CCT6"; VariantName = "[No Variations]"
Add component (AddParameter): Name = "Max Junction Temp"; Value = "+105°C"; VariantName = "[No Variations]"
Add component (AddParameter): Name = "Max Supply Voltage"; Value = "3.6V"; VariantName = "[No Variations]"
Add component (AddParameter): Name = "Memory Size"; Value = "256KBytes"; VariantName = "[No Variations]"
Add component (AddParameter): Name = "Memory Type"; Value = "FLASH"; VariantName = "[No Variations]"
Add component (AddParameter): Name = "Min Supply Voltage"; Value = "1.55V"; VariantName = "[No Variations]"
Add component (AddParameter): Name = "Number Of A/D Converters"; Value = "1"; VariantName = "[No Variations]"
Add component (AddParameter): Name = "Number Of Adc Channels"; Value = "10"; VariantName = "[No Variations]"
Add component (AddParameter): Name = "Number Of Cores"; Value = "1"; VariantName = "[No Variations]"
Add component (AddParameter): Name = "Number Of I2C Channels"; Value = "3"; VariantName = "[No Variations]"
Add component (AddParameter): Name = "Number Of I/Os"; Value = "38"; VariantName = "[No Variations]"
Add component (AddParameter): Name = "Number Of Pwm Channels"; Value = "14"; VariantName = "[No Variations]"
Add component (AddParameter): Name = "Number Of Spi Channels"; Value = "3"; VariantName = "[No Variations]"
Add component (AddParameter): Name = "Number Of Timers/Counters"; Value = "9"; VariantName = "[No Variations]"
Add component (AddParameter): Name = "Number Of Uart Channels"; Value = "4"; VariantName = "[No Variations]"
Add component (AddParameter): Name = "Number Of Usb Channels"; Value = "1"; VariantName = "[No Variations]"
Add component (AddParameter): Name = "Octopart"; Value = "https://octopart.com/stm32l433cct6-stmicroelectronics-71093511"; VariantName = "[No Variations]"
Add component (AddParameter): Name = "Package"; Value = "LQFP48-5B"; VariantName = "[No Variations]"
Add component (AddParameter): Name = "Ram Size"; Value = "64KBytes"; VariantName = "[No Variations]"
Add component (AddParameter): Name = "RoHS"; Value = "TRUE"; VariantName = "[No Variations]"
Add component (AddParameter): Name = "Standoff Height"; Value = "0.05mm"; VariantName = "[No Variations]"
Add component (AddParameter): Name = "Temperature"; Value = "-40°C to +85°C"; VariantName = "[No Variations]"
Add component (AddParameter): Name = "Temperature Range High"; Value = "+85°C"; VariantName = "[No Variations]"
Add component (AddParameter): Name = "Temperature Range Low"; Value = "-40°C"; VariantName = "[No Variations]"
Added Pin To Net: NetName=SYS Pin=*-22
Added Pin To Net: NetName=3V3 Pin=C12-1
Added Pin To Net: NetName=GND Pin=C12-2
Added Pin To Net: NetName=3V3 Pin=C13-1
Added Pin To Net: NetName=GND Pin=C13-2
Added Pin To Net: NetName=3V3 Pin=C14-1
Added Pin To Net: NetName=GND Pin=C14-2
Added Pin To Net: NetName=GND Pin=C15-1
Added Pin To Net: NetName=3V3 Pin=C15-2
Added Pin To Net: NetName=3V3 Pin=C16-1
Added Pin To Net: NetName=GND Pin=C16-2
Added Pin To Net: NetName=3V3 Pin=C17-1
Added Pin To Net: NetName=GND Pin=C17-2
Added Pin To Net: NetName=GND Pin=C18-1
Added Pin To Net: NetName=3V3 Pin=C18-2
Added Pin To Net: NetName=GND Pin=C19-1
Added Pin To Net: NetName=NetC19_2 Pin=C19-2
Added Pin To Net: NetName=3V3 Pin=J1-1
Added Pin To Net: NetName=NetJ1_2 Pin=J1-2
Added Pin To Net: NetName=GND Pin=J1-3
Added Pin To Net: NetName=NetJ1_4 Pin=J1-4
Added Pin To Net: NetName=GND Pin=J1-5
Added Pin To Net: NetName=NetJ1_6 Pin=J1-6
Added Pin To Net: NetName=NetJ1_7 Pin=J1-7
Added Pin To Net: NetName=NetJ1_8 Pin=J1-8
Added Pin To Net: NetName=GND Pin=J1-9
Added Pin To Net: NetName=NetC19_2 Pin=J1-10
Added Pin To Net: NetName=3V3 Pin=LED4-2
Added Pin To Net: NetName=3V3 Pin=P2-1
Added Pin To Net: NetName=GND Pin=P2-2
Added Pin To Net: NetName=NetR8_2 Pin=R8-2
Added Pin To Net: NetName=NetR12_2 Pin=R12-2
Added Pin To Net: NetName=GND Pin=R14-2
Add Pin To Net: Unknown Pin: Pin TP1-1
Add Pin To Net: Unknown Pin: Pin TP2-1
Add Pin To Net: Unknown Pin: Pin TP3-1
Add Pin To Net: Unknown Pin: Pin TP5-1
Add Pin To Net: Unknown Pin: Pin TP6-1
Add Pin To Net: Unknown Pin: Pin TP8-1
Add Pin To Net: Unknown Pin: Pin TP9-1
Add Pin To Net: Unknown Pin: Pin TP10-1
Add Pin To Net: Unknown Pin: Pin TP11-1
Add Pin To Net: Unknown Pin: Pin TP12-1
Added Pin To Net: NetName=3V3 Pin=U1-1
Added Pin To Net: NetName=NetC19_2 Pin=U1-7
Added Pin To Net: NetName=GND Pin=U1-8
Added Pin To Net: NetName=3V3 Pin=U1-9
Added Pin To Net: NetName=NetU1_10 Pin=U1-10
Added Pin To Net: NetName=NetC26_2 Pin=U1-11
Added Pin To Net: NetName=NetR8_2 Pin=U1-12
Added Pin To Net: NetName=NetR12_2 Pin=U1-13
Added Pin To Net: NetName=NetC25_2 Pin=U1-14
Added Pin To Net: NetName=SD_SCK Pin=U1-15
Added Pin To Net: NetName=SD_MISO Pin=U1-16
Added Pin To Net: NetName=SD_MOSI Pin=U1-17
Added Pin To Net: NetName=SD_CS Pin=U1-18
Added Pin To Net: NetName=NetC24_2 Pin=U1-19
Added Pin To Net: NetName=NetC22_2 Pin=U1-20
Added Pin To Net: NetName=NetC23_2 Pin=U1-21
Added Pin To Net: NetName=GND Pin=U1-23
Added Pin To Net: NetName=3V3 Pin=U1-24
Added Pin To Net: NetName=NetC31_2 Pin=U1-25
Added Pin To Net: NetName=NetC32_2 Pin=U1-26
Added Pin To Net: NetName=NetP4_2 Pin=U1-27
Added Pin To Net: NetName=NetP4_1 Pin=U1-28
Added Pin To Net: NetName=NetU1_29 Pin=U1-29
Added Pin To Net: NetName=NetU1_30 Pin=U1-30
Added Pin To Net: NetName=NetU1_31 Pin=U1-31
Added Pin To Net: NetName=NetP6_2 Pin=U1-32
Added Pin To Net: NetName=NetP6_1 Pin=U1-33
Added Pin To Net: NetName=NetJ1_2 Pin=U1-34
Added Pin To Net: NetName=GND Pin=U1-35
Added Pin To Net: NetName=3V3 Pin=U1-36
Added Pin To Net: NetName=NetJ1_4 Pin=U1-37
Added Pin To Net: NetName=NetP5_1 Pin=U1-38
Added Pin To Net: NetName=NetJ1_6 Pin=U1-39
Added Pin To Net: NetName=NetP5_2 Pin=U1-41
Added Pin To Net: NetName=NetU1_42 Pin=U1-42
Added Pin To Net: NetName=NetU1_43 Pin=U1-43
Added Pin To Net: NetName=GND Pin=U1-47
Added Pin To Net: NetName=3V3 Pin=U1-48
Add Net: Net with name "NetLED4_1" already exists
Add Net: Net with name "NetP1_1" already exists
Add Net: Net with name "NetP1_2" already exists
Add Net: Net with name "NetR13_2" already exists
Add Net: Net with name "NetR14_1" already exists
Added Member To Class: ClassName=MCU_REV2 Member=Component C12 0.1uF
Added Member To Class: ClassName=MCU Member=Component C12 0.1uF
Added Member To Class: ClassName=MCU_REV2 Member=Component C13 0.1uF
Added Member To Class: ClassName=MCU Member=Component C13 0.1uF
Added Member To Class: ClassName=MCU_REV2 Member=Component C14 4.7uF
Added Member To Class: ClassName=MCU Member=Component C14 4.7uF
Added Member To Class: ClassName=MCU_REV2 Member=Component C15 0.1uF
Added Member To Class: ClassName=MCU Member=Component C15 0.1uF
Added Member To Class: ClassName=MCU_REV2 Member=Component C16 0.1uF
Added Member To Class: ClassName=MCU Member=Component C16 0.1uF
Added Member To Class: ClassName=MCU_REV2 Member=Component C17 0.1uF
Added Member To Class: ClassName=MCU Member=Component C17 0.1uF
Added Member To Class: ClassName=MCU_REV2 Member=Component C18 1uF
Added Member To Class: ClassName=MCU Member=Component C18 1uF
Added Member To Class: ClassName=MCU_REV2 Member=Component C19 0.1uF
Added Member To Class: ClassName=MCU Member=Component C19 0.1uF
Added Member To Class: ClassName=MCU_REV2 Member=Component J1 3220-10-0100-00
Added Member To Class: ClassName=MCU Member=Component J1 3220-10-0100-00
Added Member To Class: ClassName=POWER_REV2 Member=Component J? USB4105-GF-A
Added Member To Class: ClassName=MCU_REV2 Member=Component LED4 MCL-S270SRC
Added Member To Class: ClassName=MCU Member=Component LED4 MCL-S270SRC
Added Member To Class: ClassName=MCU_REV2 Member=Component P1 61300211121
Added Member To Class: ClassName=MCU Member=Component P1 61300211121
Added Member To Class: ClassName=MCU_REV2 Member=Component P2 61300211121
Added Member To Class: ClassName=MCU Member=Component P2 61300211121
Added Member To Class: ClassName=MCU_REV2 Member=Component R8 30 Ohm
Added Member To Class: ClassName=MCU Member=Component R8 30 Ohm
Added Member To Class: ClassName=MCU_REV2 Member=Component R12 30 Ohm
Added Member To Class: ClassName=MCU Member=Component R12 30 Ohm
Added Member To Class: ClassName=MCU_REV2 Member=Component R13 510 Ohm
Added Member To Class: ClassName=MCU Member=Component R13 510 Ohm
Added Member To Class: ClassName=MCU_REV2 Member=Component R14 10kOhm
Added Member To Class: ClassName=MCU Member=Component R14 10kOhm
Add Class Member: Failed to add class member : Component TP1 VIN
Add Class Member: Failed to add class member : Component TP2 PGND
Add Class Member: Failed to add class member : Component TP3 VCC
Add Class Member: Failed to add class member : Component TP5 AGND
Add Class Member: Failed to add class member : Component TP6 SYS
Add Class Member: Failed to add class member : Component TP8 SYS
Add Class Member: Failed to add class member : Component TP9 BATT
Add Class Member: Failed to add class member : Component TP10 NTC
Add Class Member: Failed to add class member : Component TP11 PGND
Add Class Member: Failed to add class member : Component TP12 SYS
Added Member To Class: ClassName=MCU_REV2 Member=Component U1 STM32L433CCT6 -  48LQFP
Added Member To Class: ClassName=MCU Member=Component U1 STM32L433CCT6 -  48LQFP
Added Room: Name=AUDIO_REV2
Added Room: Name=INTERFACE_rev2
Added Room: Name=MCU
Added Room: Name=MCU_REV2
Added Room: Name=POWER_BATT_REV2
Added Room: Name=POWER_REV2
