Change Component Footprint: Designator=P5 Old Footprint=61300211121 New Footprint=61300211121
Change Component Footprint: Designator=P6 Old Footprint=61300211121 New Footprint=61300211121
Added Component: Designator=IC2(XIAO)
Add component (AddParameter): Name = "Category"; Value = "DSPs - Digital Signal Processors"; VariantName = "[No Variations]"
Add component (AddParameter): Name = "ComponentLink1Description"; Value = "https://media.digikey.com/pdf/Data%20Sheets/Seeed%20Technology/102010328_Web.pdf?src-supplier=Digikey"; VariantName = "[No Variations]"
Add component (AddParameter): Name = "ComponentLink1URL"; Value = "https://media.digikey.com/pdf/Data%20Sheets/Seeed%20Technology/102010328_Web.pdf?src-supplier=Digikey"; VariantName = "[No Variations]"
Add component (AddParameter): Name = "Core Architecture"; Value = "ARM"; VariantName = "[No Variations]"
Add component (AddParameter): Name = "Evaluation Kit"; Value = "Yes"; VariantName = "[No Variations]"
Add component (AddParameter): Name = "Manufacturer"; Value = "Seeed Studio"; VariantName = "[No Variations]"
Add component (AddParameter): Name = "Manufacturer Part Number"; Value = "102010328"; VariantName = "[No Variations]"
Add component (AddParameter): Name = "Pricing 1"; Value = "1=5.4 (USD)"; VariantName = "[No Variations]"
Add component (AddParameter): Name = "RoHS"; Value = "No"; VariantName = "[No Variations]"
Add component (AddParameter): Name = "Series"; Value = "SAM D"; VariantName = "[No Variations]"
Add component (AddParameter): Name = "Stock 1"; Value = "2211"; VariantName = "[No Variations]"
Add component (AddParameter): Name = "Supplier 1"; Value = "Digikey"; VariantName = "[No Variations]"
Add component (AddParameter): Name = "Supplier Part Number 1"; Value = "1597-102010328-ND"; VariantName = "[No Variations]"
Added Pin To Net: NetName=SW Pin=*-22
Added Pin To Net: NetName=DEBUG_RX Pin=IC2-7
Added Pin To Net: NetName=DEBUG_TX Pin=IC2-8
Added Pin To Net: NetName=+3V3 Pin=IC2-12
Added Pin To Net: NetName=GND Pin=IC2-13
Added Member To Class: ClassName=POWER_REV2 Member=Component C36 0.1 uF, +/- 10%, 50 V
Added Member To Class: ClassName=POWER_REV2 Member=Component IC2 SEEEDUINO
