Change Component Designator: Old Designator=C1 New Designator=C?
Change Component Designator: Old Designator=C2 New Designator=C?
Change Component Designator: Old Designator=C3 New Designator=C?
Change Component Designator: Old Designator=C4 New Designator=C?
Change Component Designator: Old Designator=C5 New Designator=C?
Change Component Designator: Old Designator=C6 New Designator=C?
Change Component Designator: Old Designator=C7 New Designator=C?
Change Component Designator: Old Designator=C8 New Designator=C?
Change Component Designator: Old Designator=C9 New Designator=C?
Change Component Designator: Old Designator=C10 New Designator=C?
Change Component Designator: Old Designator=C11 New Designator=C?
Change Component Designator: Old Designator=CBATT New Designator=CBATT?
Change Component Designator: Old Designator=CIN New Designator=CIN?
Change Component Designator: Old Designator=CSYS New Designator=CSYS?
Change Component Designator: Old Designator=F1 New Designator=F?
Change Component Designator: Old Designator=J6 New Designator=J?
Change Component Designator: Old Designator=JAGND New Designator=JAGND?
Change Component Designator: Old Designator=JPGND New Designator=JPGND?
Change Component Designator: Old Designator=L1 New Designator=L?
Change Component Designator: Old Designator=LED1 New Designator=LED?
Change Component Designator: Old Designator=P4 New Designator=P?
Change Component Designator: Old Designator=P5 New Designator=P?
Change Component Designator: Old Designator=R1 New Designator=R?
Change Component Designator: Old Designator=R2 New Designator=R?
Change Component Designator: Old Designator=R3 New Designator=R?
Change Component Designator: Old Designator=R4 New Designator=R?
Change Component Designator: Old Designator=R5 New Designator=R?
Change Component Designator: Old Designator=R6 New Designator=R?
Change Component Designator: Old Designator=R7 New Designator=R?
Change Component Designator: Old Designator=R9 New Designator=R?
Change Component Designator: Old Designator=RH New Designator=RH?
Change Component Designator: Old Designator=RILIM New Designator=RILIM?
Change Component Designator: Old Designator=RISET New Designator=RISET?
Change Component Designator: Old Designator=RL New Designator=RL?
Change Component Designator: Old Designator=ROLM New Designator=ROLM?
Change Component Designator: Old Designator=RS1 New Designator=RS?
Change Component Designator: Old Designator=RT1 New Designator=RT?
Change Component Designator: Old Designator=RT2 New Designator=RT?
Change Component Designator: Old Designator=RT New Designator=RT?
Change Component Designator: Old Designator=TP1 New Designator=TP?
Change Component Designator: Old Designator=TP3 New Designator=TP?
Change Component Designator: Old Designator=U10 New Designator=U?
