Change Component Designator: Old Designator=C? New Designator=C6
Change Component Designator: Old Designator=C? New Designator=C7
Change Component Designator: Old Designator=C? New Designator=C8
Change Component Designator: Old Designator=C? New Designator=C9
Change Component Designator: Old Designator=C? New Designator=C10
Change Component Designator: Old Designator=C? New Designator=C11
Change Component Designator: Old Designator=C? New Designator=C12
Change Component Designator: Old Designator=C? New Designator=C13
Change Component Designator: Old Designator=C? New Designator=C14
Change Component Designator: Old Designator=C? New Designator=C15
Change Component Designator: Old Designator=C? New Designator=C16
Change Component Designator: Old Designator=CBATT? New Designator=CBATT1
Change Component Designator: Old Designator=CIN? New Designator=CIN1
Change Component Designator: Old Designator=CSYS? New Designator=CSYS1
Change Component Designator: Old Designator=F? New Designator=F1
Change Component Designator: Old Designator=J? New Designator=J1
Change Component Designator: Old Designator=JAGND? New Designator=JAGND1
Change Component Designator: Old Designator=JPGND? New Designator=JPGND1
Change Component Designator: Old Designator=L? New Designator=L1
Change Component Designator: Old Designator=LED? New Designator=LED1
Change Component Designator: Old Designator=P? New Designator=P1
Change Component Designator: Old Designator=P? New Designator=P2
Change Component Designator: Old Designator=R? New Designator=R6
Change Component Designator: Old Designator=R? New Designator=R7
Change Component Designator: Old Designator=R? New Designator=R8
Change Component Designator: Old Designator=R? New Designator=R9
Change Component Designator: Old Designator=R? New Designator=R10
Change Component Designator: Old Designator=R? New Designator=R11
Change Component Designator: Old Designator=R? New Designator=R12
Change Component Designator: Old Designator=R? New Designator=R13
Change Component Designator: Old Designator=RH? New Designator=RH1
Change Component Designator: Old Designator=RILIM? New Designator=RILIM1
Change Component Designator: Old Designator=RISET? New Designator=RISET1
Change Component Designator: Old Designator=RL? New Designator=RL1
Change Component Designator: Old Designator=ROLM? New Designator=ROLM1
Change Component Designator: Old Designator=RS? New Designator=RS1
Change Component Designator: Old Designator=RT? New Designator=RT1
Change Component Designator: Old Designator=RT? New Designator=RT2
Change Component Designator: Old Designator=RT? New Designator=RT3
Change Component Designator: Old Designator=TP? New Designator=TP1
Change Component Designator: Old Designator=TP? New Designator=TP2
Change Component Designator: Old Designator=U? New Designator=U1
