Change Component Designator: Old Designator=* New Designator=*?
Change Component Designator: Old Designator=C20 New Designator=C?
Change Component Designator: Old Designator=C35 New Designator=C?
Change Component Designator: Old Designator=C36 New Designator=C?
Change Component Designator: Old Designator=C37 New Designator=C?
Change Component Designator: Old Designator=C38 New Designator=C?
Change Component Designator: Old Designator=C39 New Designator=C?
Change Component Designator: Old Designator=C40 New Designator=C?
Change Component Designator: Old Designator=FB1 New Designator=FB?
Change Component Designator: Old Designator=IC1 New Designator=IC?
Change Component Designator: Old Designator=J3 New Designator=J?
Change Component Designator: Old Designator=P3 New Designator=P?
Change Component Designator: Old Designator=P6 New Designator=P?
Change Component Designator: Old Designator=R39 New Designator=R?
Change Component Designator: Old Designator=R40 New Designator=R?
Change Component Designator: Old Designator=SB4 New Designator=SB?
Change Component Designator: Old Designator=SB7 New Designator=SB?
Change Component Designator: Old Designator=SB8 New Designator=SB?
Change Component Designator: Old Designator=SB9 New Designator=SB?
Change Component Designator: Old Designator=SW8 New Designator=SW?
Change Component Designator: Old Designator=U2 New Designator=U?
