Change Component Designator: Old Designator=*? New Designator=*1
Change Component Designator: Old Designator=C? New Designator=C17
Change Component Designator: Old Designator=C? New Designator=C18
Change Component Designator: Old Designator=C? New Designator=C19
Change Component Designator: Old Designator=C? New Designator=C20
Change Component Designator: Old Designator=C? New Designator=C21
Change Component Designator: Old Designator=C? New Designator=C22
Change Component Designator: Old Designator=C? New Designator=C23
Change Component Designator: Old Designator=FB? New Designator=FB1
Change Component Designator: Old Designator=IC? New Designator=IC1
Change Component Designator: Old Designator=J? New Designator=J2
Change Component Designator: Old Designator=P? New Designator=P3
Change Component Designator: Old Designator=P? New Designator=P4
Change Component Designator: Old Designator=R? New Designator=R14
Change Component Designator: Old Designator=R? New Designator=R15
Change Component Designator: Old Designator=SB? New Designator=SB1
Change Component Designator: Old Designator=SB? New Designator=SB2
Change Component Designator: Old Designator=SB? New Designator=SB3
Change Component Designator: Old Designator=SB? New Designator=SB4
Change Component Designator: Old Designator=SW? New Designator=SW7
Change Component Designator: Old Designator=U? New Designator=U2
